{"/home/user/Desktop/FundooApp/server.js":{"path":"/home/user/Desktop/FundooApp/server.js","statementMap":{"0":{"start":{"line":1,"column":16},"end":{"line":1,"column":34}},"1":{"start":{"line":2,"column":13},"end":{"line":2,"column":41}},"2":{"start":{"line":3,"column":19},"end":{"line":3,"column":41}},"3":{"start":{"line":4,"column":23},"end":{"line":4,"column":51}},"4":{"start":{"line":5,"column":11},"end":{"line":5,"column":26}},"5":{"start":{"line":6,"column":16},"end":{"line":6,"column":51}},"6":{"start":{"line":9,"column":12},"end":{"line":9,"column":21}},"7":{"start":{"line":10,"column":0},"end":{"line":10,"column":16}},"8":{"start":{"line":12,"column":0},"end":{"line":12,"column":50}},"9":{"start":{"line":14,"column":0},"end":{"line":14,"column":26}},"10":{"start":{"line":15,"column":0},"end":{"line":15,"column":27}},"11":{"start":{"line":16,"column":0},"end":{"line":16,"column":21}},"12":{"start":{"line":19,"column":0},"end":{"line":22,"column":3}},"13":{"start":{"line":20,"column":4},"end":{"line":20,"column":23}},"14":{"start":{"line":21,"column":4},"end":{"line":21,"column":52}},"15":{"start":{"line":23,"column":0},"end":{"line":23,"column":18}}},"fnMap":{"0":{"name":"(anonymous_0)","decl":{"start":{"line":19,"column":17},"end":{"line":19,"column":18}},"loc":{"start":{"line":19,"column":23},"end":{"line":22,"column":1}},"line":19}},"branchMap":{},"s":{"0":1,"1":1,"2":1,"3":1,"4":1,"5":1,"6":1,"7":1,"8":1,"9":1,"10":1,"11":1,"12":1,"13":0,"14":0,"15":1},"f":{"0":0},"b":{},"_coverageSchema":"1a1c01bbd47fc00a2c39e90264f33305004495a9","hash":"306b41668dc60263f264f224d49108ea027ec1fc","contentHash":"6802c41201887dc1b616d72fc3803e990895abde7b4f1c19d01398a79084a6d8"},"/home/user/Desktop/FundooApp/routers/routers.js":{"path":"/home/user/Desktop/FundooApp/routers/routers.js","statementMap":{"0":{"start":{"line":2,"column":14},"end":{"line":2,"column":32}},"1":{"start":{"line":3,"column":13},"end":{"line":3,"column":29}},"2":{"start":{"line":4,"column":12},"end":{"line":4,"column":52}},"3":{"start":{"line":5,"column":13},"end":{"line":5,"column":42}},"4":{"start":{"line":6,"column":11},"end":{"line":6,"column":40}},"5":{"start":{"line":7,"column":11},"end":{"line":7,"column":40}},"6":{"start":{"line":8,"column":11},"end":{"line":8,"column":41}},"7":{"start":{"line":9,"column":18},"end":{"line":9,"column":55}},"8":{"start":{"line":11,"column":0},"end":{"line":11,"column":47}},"9":{"start":{"line":12,"column":0},"end":{"line":12,"column":33}},"10":{"start":{"line":13,"column":0},"end":{"line":13,"column":61}},"11":{"start":{"line":14,"column":0},"end":{"line":14,"column":70}},"12":{"start":{"line":16,"column":0},"end":{"line":16,"column":51}},"13":{"start":{"line":17,"column":0},"end":{"line":17,"column":57}},"14":{"start":{"line":18,"column":0},"end":{"line":18,"column":45}},"15":{"start":{"line":19,"column":0},"end":{"line":19,"column":48}},"16":{"start":{"line":20,"column":0},"end":{"line":20,"column":52}},"17":{"start":{"line":22,"column":0},"end":{"line":22,"column":47}},"18":{"start":{"line":23,"column":0},"end":{"line":23,"column":49}},"19":{"start":{"line":24,"column":0},"end":{"line":24,"column":59}},"20":{"start":{"line":26,"column":0},"end":{"line":26,"column":48}},"21":{"start":{"line":27,"column":0},"end":{"line":27,"column":46}},"22":{"start":{"line":28,"column":0},"end":{"line":28,"column":52}},"23":{"start":{"line":30,"column":0},"end":{"line":30,"column":45}},"24":{"start":{"line":32,"column":0},"end":{"line":32,"column":57}},"25":{"start":{"line":33,"column":0},"end":{"line":33,"column":65}},"26":{"start":{"line":34,"column":0},"end":{"line":34,"column":68}},"27":{"start":{"line":35,"column":0},"end":{"line":35,"column":53}},"28":{"start":{"line":37,"column":0},"end":{"line":37,"column":102}},"29":{"start":{"line":38,"column":0},"end":{"line":38,"column":96}},"30":{"start":{"line":41,"column":0},"end":{"line":60,"column":2}},"31":{"start":{"line":42,"column":4},"end":{"line":42,"column":59}},"32":{"start":{"line":43,"column":4},"end":{"line":59,"column":6}},"33":{"start":{"line":44,"column":8},"end":{"line":58,"column":14}},"34":{"start":{"line":46,"column":16},"end":{"line":46,"column":50}},"35":{"start":{"line":48,"column":16},"end":{"line":54,"column":17}},"36":{"start":{"line":50,"column":20},"end":{"line":50,"column":70}},"37":{"start":{"line":53,"column":20},"end":{"line":53,"column":60}},"38":{"start":{"line":57,"column":16},"end":{"line":57,"column":73}},"39":{"start":{"line":62,"column":0},"end":{"line":62,"column":72}},"40":{"start":{"line":64,"column":15},"end":{"line":64,"column":49}},"41":{"start":{"line":66,"column":21},"end":{"line":66,"column":43}},"42":{"start":{"line":68,"column":0},"end":{"line":83,"column":3}},"43":{"start":{"line":69,"column":13},"end":{"line":69,"column":15}},"44":{"start":{"line":70,"column":4},"end":{"line":70,"column":30}},"45":{"start":{"line":72,"column":4},"end":{"line":72,"column":45}},"46":{"start":{"line":73,"column":4},"end":{"line":82,"column":7}},"47":{"start":{"line":74,"column":8},"end":{"line":77,"column":9}},"48":{"start":{"line":75,"column":12},"end":{"line":75,"column":43}},"49":{"start":{"line":76,"column":12},"end":{"line":76,"column":107}},"50":{"start":{"line":78,"column":8},"end":{"line":78,"column":49}},"51":{"start":{"line":79,"column":8},"end":{"line":79,"column":39}},"52":{"start":{"line":80,"column":8},"end":{"line":80,"column":31}},"53":{"start":{"line":85,"column":0},"end":{"line":85,"column":23}}},"fnMap":{"0":{"name":"(anonymous_0)","decl":{"start":{"line":41,"column":36},"end":{"line":41,"column":37}},"loc":{"start":{"line":41,"column":59},"end":{"line":60,"column":1}},"line":41},"1":{"name":"(anonymous_1)","decl":{"start":{"line":43,"column":23},"end":{"line":43,"column":24}},"loc":{"start":{"line":43,"column":44},"end":{"line":59,"column":5}},"line":43},"2":{"name":"(anonymous_2)","decl":{"start":{"line":45,"column":18},"end":{"line":45,"column":19}},"loc":{"start":{"line":45,"column":28},"end":{"line":55,"column":13}},"line":45},"3":{"name":"(anonymous_3)","decl":{"start":{"line":56,"column":19},"end":{"line":56,"column":20}},"loc":{"start":{"line":56,"column":30},"end":{"line":58,"column":13}},"line":56},"4":{"name":"(anonymous_4)","decl":{"start":{"line":68,"column":37},"end":{"line":68,"column":38}},"loc":{"start":{"line":68,"column":57},"end":{"line":83,"column":1}},"line":68},"5":{"name":"(anonymous_5)","decl":{"start":{"line":73,"column":27},"end":{"line":73,"column":28}},"loc":{"start":{"line":73,"column":42},"end":{"line":82,"column":5}},"line":73}},"branchMap":{"0":{"loc":{"start":{"line":48,"column":16},"end":{"line":54,"column":17}},"type":"if","locations":[{"start":{"line":48,"column":16},"end":{"line":54,"column":17}},{"start":{"line":48,"column":16},"end":{"line":54,"column":17}}],"line":48},"1":{"loc":{"start":{"line":74,"column":8},"end":{"line":77,"column":9}},"type":"if","locations":[{"start":{"line":74,"column":8},"end":{"line":77,"column":9}},{"start":{"line":74,"column":8},"end":{"line":77,"column":9}}],"line":74}},"s":{"0":1,"1":1,"2":1,"3":1,"4":1,"5":1,"6":1,"7":1,"8":1,"9":1,"10":1,"11":1,"12":1,"13":1,"14":1,"15":1,"16":1,"17":1,"18":1,"19":1,"20":1,"21":1,"22":1,"23":1,"24":1,"25":1,"26":1,"27":1,"28":1,"29":1,"30":1,"31":0,"32":0,"33":0,"34":0,"35":0,"36":0,"37":0,"38":0,"39":1,"40":1,"41":1,"42":1,"43":0,"44":0,"45":0,"46":0,"47":0,"48":0,"49":0,"50":0,"51":0,"52":0,"53":1},"f":{"0":0,"1":0,"2":0,"3":0,"4":0,"5":0},"b":{"0":[0,0],"1":[0,0]},"_coverageSchema":"1a1c01bbd47fc00a2c39e90264f33305004495a9","hash":"9376b0a1504c30bd1594f31e870cbda51647e0fe","contentHash":"ab961748ee821eeca856a165f221a64e0decec6e11dda4979f45a161cafe4adb"},"/home/user/Desktop/FundooApp/utility/TokenGeneration.js":{"path":"/home/user/Desktop/FundooApp/utility/TokenGeneration.js","statementMap":{"0":{"start":{"line":2,"column":10},"end":{"line":2,"column":33}},"1":{"start":{"line":3,"column":0},"end":{"line":3,"column":27}},"2":{"start":{"line":4,"column":13},"end":{"line":4,"column":29}},"3":{"start":{"line":5,"column":18},"end":{"line":5,"column":47}},"4":{"start":{"line":7,"column":15},"end":{"line":7,"column":62}},"5":{"start":{"line":14,"column":0},"end":{"line":109,"column":1}},"6":{"start":{"line":16,"column":8},"end":{"line":16,"column":49}},"7":{"start":{"line":17,"column":8},"end":{"line":17,"column":42}},"8":{"start":{"line":19,"column":20},"end":{"line":19,"column":51}},"9":{"start":{"line":24,"column":21},"end":{"line":27,"column":9}},"10":{"start":{"line":29,"column":8},"end":{"line":29,"column":27}},"11":{"start":{"line":30,"column":8},"end":{"line":30,"column":22}},"12":{"start":{"line":34,"column":20},"end":{"line":34,"column":39}},"13":{"start":{"line":35,"column":8},"end":{"line":35,"column":49}},"14":{"start":{"line":37,"column":8},"end":{"line":70,"column":9}},"15":{"start":{"line":38,"column":12},"end":{"line":65,"column":14}},"16":{"start":{"line":39,"column":16},"end":{"line":39,"column":61}},"17":{"start":{"line":42,"column":16},"end":{"line":64,"column":17}},"18":{"start":{"line":43,"column":20},"end":{"line":43,"column":74}},"19":{"start":{"line":46,"column":20},"end":{"line":46,"column":66}},"20":{"start":{"line":47,"column":20},"end":{"line":47,"column":46}},"21":{"start":{"line":48,"column":20},"end":{"line":48,"column":40}},"22":{"start":{"line":53,"column":20},"end":{"line":62,"column":22}},"23":{"start":{"line":54,"column":24},"end":{"line":60,"column":25}},"24":{"start":{"line":55,"column":28},"end":{"line":55,"column":77}},"25":{"start":{"line":57,"column":29},"end":{"line":60,"column":25}},"26":{"start":{"line":58,"column":28},"end":{"line":58,"column":81}},"27":{"start":{"line":59,"column":28},"end":{"line":59,"column":35}},"28":{"start":{"line":69,"column":11},"end":{"line":69,"column":60}},"29":{"start":{"line":74,"column":22},"end":{"line":74,"column":40}},"30":{"start":{"line":75,"column":8},"end":{"line":75,"column":56}},"31":{"start":{"line":76,"column":8},"end":{"line":107,"column":10}},"32":{"start":{"line":77,"column":12},"end":{"line":106,"column":18}},"33":{"start":{"line":78,"column":32},"end":{"line":78,"column":92}},"34":{"start":{"line":79,"column":30},"end":{"line":79,"column":40}},"35":{"start":{"line":80,"column":16},"end":{"line":100,"column":17}},"36":{"start":{"line":81,"column":20},"end":{"line":95,"column":22}},"37":{"start":{"line":82,"column":24},"end":{"line":82,"column":57}},"38":{"start":{"line":85,"column":24},"end":{"line":94,"column":25}},"39":{"start":{"line":86,"column":28},"end":{"line":86,"column":82}},"40":{"start":{"line":89,"column":28},"end":{"line":89,"column":74}},"41":{"start":{"line":90,"column":28},"end":{"line":90,"column":54}},"42":{"start":{"line":92,"column":28},"end":{"line":92,"column":48}},"43":{"start":{"line":93,"column":28},"end":{"line":93,"column":35}},"44":{"start":{"line":99,"column":20},"end":{"line":99,"column":62}},"45":{"start":{"line":103,"column":20},"end":{"line":103,"column":39}},"46":{"start":{"line":104,"column":20},"end":{"line":104,"column":70}}},"fnMap":{"0":{"name":"(anonymous_0)","decl":{"start":{"line":15,"column":4},"end":{"line":15,"column":5}},"loc":{"start":{"line":15,"column":27},"end":{"line":31,"column":5}},"line":15},"1":{"name":"(anonymous_1)","decl":{"start":{"line":33,"column":4},"end":{"line":33,"column":5}},"loc":{"start":{"line":33,"column":32},"end":{"line":71,"column":5}},"line":33},"2":{"name":"(anonymous_2)","decl":{"start":{"line":38,"column":44},"end":{"line":38,"column":45}},"loc":{"start":{"line":38,"column":68},"end":{"line":65,"column":13}},"line":38},"3":{"name":"(anonymous_3)","decl":{"start":{"line":53,"column":52},"end":{"line":53,"column":53}},"loc":{"start":{"line":53,"column":66},"end":{"line":62,"column":21}},"line":53},"4":{"name":"(anonymous_4)","decl":{"start":{"line":73,"column":4},"end":{"line":73,"column":5}},"loc":{"start":{"line":73,"column":38},"end":{"line":108,"column":5}},"line":73},"5":{"name":"(anonymous_5)","decl":{"start":{"line":76,"column":27},"end":{"line":76,"column":28}},"loc":{"start":{"line":76,"column":48},"end":{"line":107,"column":9}},"line":76},"6":{"name":"(anonymous_6)","decl":{"start":{"line":77,"column":59},"end":{"line":77,"column":60}},"loc":{"start":{"line":77,"column":69},"end":{"line":101,"column":13}},"line":77},"7":{"name":"(anonymous_7)","decl":{"start":{"line":81,"column":52},"end":{"line":81,"column":53}},"loc":{"start":{"line":81,"column":70},"end":{"line":95,"column":21}},"line":81},"8":{"name":"(anonymous_8)","decl":{"start":{"line":102,"column":23},"end":{"line":102,"column":24}},"loc":{"start":{"line":102,"column":34},"end":{"line":106,"column":17}},"line":102}},"branchMap":{"0":{"loc":{"start":{"line":37,"column":8},"end":{"line":70,"column":9}},"type":"if","locations":[{"start":{"line":37,"column":8},"end":{"line":70,"column":9}},{"start":{"line":37,"column":8},"end":{"line":70,"column":9}}],"line":37},"1":{"loc":{"start":{"line":42,"column":16},"end":{"line":64,"column":17}},"type":"if","locations":[{"start":{"line":42,"column":16},"end":{"line":64,"column":17}},{"start":{"line":42,"column":16},"end":{"line":64,"column":17}}],"line":42},"2":{"loc":{"start":{"line":54,"column":24},"end":{"line":60,"column":25}},"type":"if","locations":[{"start":{"line":54,"column":24},"end":{"line":60,"column":25}},{"start":{"line":54,"column":24},"end":{"line":60,"column":25}}],"line":54},"3":{"loc":{"start":{"line":57,"column":29},"end":{"line":60,"column":25}},"type":"if","locations":[{"start":{"line":57,"column":29},"end":{"line":60,"column":25}},{"start":{"line":57,"column":29},"end":{"line":60,"column":25}}],"line":57},"4":{"loc":{"start":{"line":80,"column":16},"end":{"line":100,"column":17}},"type":"if","locations":[{"start":{"line":80,"column":16},"end":{"line":100,"column":17}},{"start":{"line":80,"column":16},"end":{"line":100,"column":17}}],"line":80},"5":{"loc":{"start":{"line":85,"column":24},"end":{"line":94,"column":25}},"type":"if","locations":[{"start":{"line":85,"column":24},"end":{"line":94,"column":25}},{"start":{"line":85,"column":24},"end":{"line":94,"column":25}}],"line":85}},"s":{"0":1,"1":1,"2":1,"3":1,"4":1,"5":1,"6":0,"7":0,"8":0,"9":0,"10":0,"11":0,"12":10,"13":10,"14":10,"15":8,"16":8,"17":8,"18":2,"19":6,"20":6,"21":6,"22":6,"23":6,"24":0,"25":6,"26":0,"27":0,"28":2,"29":0,"30":0,"31":0,"32":0,"33":0,"34":0,"35":0,"36":0,"37":0,"38":0,"39":0,"40":0,"41":0,"42":0,"43":0,"44":0,"45":0,"46":0},"f":{"0":0,"1":10,"2":8,"3":6,"4":0,"5":0,"6":0,"7":0,"8":0},"b":{"0":[8,2],"1":[2,6],"2":[0,6],"3":[0,6],"4":[0,0],"5":[0,0]},"_coverageSchema":"1a1c01bbd47fc00a2c39e90264f33305004495a9","hash":"d2a00ba2c6a17dce18051d398a1cd1fda5e4ef4a","contentHash":"f96304c11970408b3f43ebb8bd384b3de6af62431fcabf1f51fbf15825c8d72e"},"/home/user/Desktop/FundooApp/app/models/user.js":{"path":"/home/user/Desktop/FundooApp/app/models/user.js","statementMap":{"0":{"start":{"line":1,"column":17},"end":{"line":1,"column":36}},"1":{"start":{"line":2,"column":23},"end":{"line":2,"column":66}},"2":{"start":{"line":3,"column":15},"end":{"line":3,"column":32}},"3":{"start":{"line":5,"column":19},"end":{"line":46,"column":6}},"4":{"start":{"line":48,"column":11},"end":{"line":48,"column":45}},"5":{"start":{"line":52,"column":4},"end":{"line":59,"column":6}},"6":{"start":{"line":53,"column":8},"end":{"line":58,"column":14}},"7":{"start":{"line":54,"column":12},"end":{"line":54,"column":25}},"8":{"start":{"line":57,"column":16},"end":{"line":57,"column":27}},"9":{"start":{"line":64,"column":8},"end":{"line":86,"column":10}},"10":{"start":{"line":65,"column":12},"end":{"line":85,"column":18}},"11":{"start":{"line":66,"column":16},"end":{"line":66,"column":86}},"12":{"start":{"line":68,"column":31},"end":{"line":74,"column":18}},"13":{"start":{"line":75,"column":16},"end":{"line":81,"column":22}},"14":{"start":{"line":76,"column":20},"end":{"line":76,"column":76}},"15":{"start":{"line":77,"column":20},"end":{"line":77,"column":33}},"16":{"start":{"line":80,"column":24},"end":{"line":80,"column":35}},"17":{"start":{"line":84,"column":20},"end":{"line":84,"column":33}},"18":{"start":{"line":90,"column":12},"end":{"line":90,"column":41}},"19":{"start":{"line":91,"column":27},"end":{"line":91,"column":29}},"20":{"start":{"line":92,"column":12},"end":{"line":114,"column":14}},"21":{"start":{"line":93,"column":16},"end":{"line":113,"column":22}},"22":{"start":{"line":95,"column":20},"end":{"line":95,"column":42}},"23":{"start":{"line":96,"column":20},"end":{"line":109,"column":26}},"24":{"start":{"line":99,"column":28},"end":{"line":108,"column":29}},"25":{"start":{"line":100,"column":32},"end":{"line":100,"column":70}},"26":{"start":{"line":103,"column":32},"end":{"line":103,"column":76}},"27":{"start":{"line":104,"column":32},"end":{"line":104,"column":64}},"28":{"start":{"line":105,"column":32},"end":{"line":105,"column":56}},"29":{"start":{"line":106,"column":32},"end":{"line":106,"column":82}},"30":{"start":{"line":107,"column":32},"end":{"line":107,"column":50}},"31":{"start":{"line":112,"column":24},"end":{"line":112,"column":37}},"32":{"start":{"line":119,"column":8},"end":{"line":119,"column":42}},"33":{"start":{"line":120,"column":8},"end":{"line":131,"column":10}},"34":{"start":{"line":123,"column":12},"end":{"line":130,"column":18}},"35":{"start":{"line":124,"column":16},"end":{"line":124,"column":54}},"36":{"start":{"line":125,"column":16},"end":{"line":125,"column":29}},"37":{"start":{"line":129,"column":20},"end":{"line":129,"column":31}},"38":{"start":{"line":136,"column":8},"end":{"line":146,"column":10}},"39":{"start":{"line":137,"column":12},"end":{"line":137,"column":44}},"40":{"start":{"line":138,"column":12},"end":{"line":145,"column":18}},"41":{"start":{"line":140,"column":16},"end":{"line":140,"column":41}},"42":{"start":{"line":141,"column":16},"end":{"line":141,"column":29}},"43":{"start":{"line":144,"column":20},"end":{"line":144,"column":33}},"44":{"start":{"line":151,"column":0},"end":{"line":151,"column":28}}},"fnMap":{"0":{"name":"encrptyPassword","decl":{"start":{"line":51,"column":9},"end":{"line":51,"column":24}},"loc":{"start":{"line":51,"column":35},"end":{"line":60,"column":1}},"line":51},"1":{"name":"(anonymous_1)","decl":{"start":{"line":52,"column":23},"end":{"line":52,"column":24}},"loc":{"start":{"line":52,"column":44},"end":{"line":59,"column":5}},"line":52},"2":{"name":"(anonymous_2)","decl":{"start":{"line":53,"column":39},"end":{"line":53,"column":40}},"loc":{"start":{"line":53,"column":49},"end":{"line":55,"column":9}},"line":53},"3":{"name":"(anonymous_3)","decl":{"start":{"line":56,"column":19},"end":{"line":56,"column":20}},"loc":{"start":{"line":56,"column":26},"end":{"line":58,"column":13}},"line":56},"4":{"name":"(anonymous_4)","decl":{"start":{"line":63,"column":4},"end":{"line":63,"column":5}},"loc":{"start":{"line":63,"column":20},"end":{"line":87,"column":5}},"line":63},"5":{"name":"(anonymous_5)","decl":{"start":{"line":64,"column":27},"end":{"line":64,"column":28}},"loc":{"start":{"line":64,"column":48},"end":{"line":86,"column":9}},"line":64},"6":{"name":"(anonymous_6)","decl":{"start":{"line":65,"column":47},"end":{"line":65,"column":48}},"loc":{"start":{"line":65,"column":70},"end":{"line":82,"column":13}},"line":65},"7":{"name":"(anonymous_7)","decl":{"start":{"line":75,"column":37},"end":{"line":75,"column":38}},"loc":{"start":{"line":75,"column":45},"end":{"line":78,"column":17}},"line":75},"8":{"name":"(anonymous_8)","decl":{"start":{"line":79,"column":27},"end":{"line":79,"column":28}},"loc":{"start":{"line":79,"column":34},"end":{"line":81,"column":21}},"line":79},"9":{"name":"(anonymous_9)","decl":{"start":{"line":83,"column":23},"end":{"line":83,"column":24}},"loc":{"start":{"line":83,"column":34},"end":{"line":85,"column":17}},"line":83},"10":{"name":"(anonymous_10)","decl":{"start":{"line":89,"column":4},"end":{"line":89,"column":5}},"loc":{"start":{"line":89,"column":16},"end":{"line":115,"column":5}},"line":89},"11":{"name":"(anonymous_11)","decl":{"start":{"line":92,"column":31},"end":{"line":92,"column":32}},"loc":{"start":{"line":92,"column":52},"end":{"line":114,"column":13}},"line":92},"12":{"name":"(anonymous_12)","decl":{"start":{"line":93,"column":51},"end":{"line":93,"column":52}},"loc":{"start":{"line":93,"column":74},"end":{"line":110,"column":17}},"line":93},"13":{"name":"(anonymous_13)","decl":{"start":{"line":98,"column":37},"end":{"line":98,"column":38}},"loc":{"start":{"line":98,"column":55},"end":{"line":109,"column":25}},"line":98},"14":{"name":"(anonymous_14)","decl":{"start":{"line":111,"column":27},"end":{"line":111,"column":28}},"loc":{"start":{"line":111,"column":38},"end":{"line":113,"column":21}},"line":111},"15":{"name":"(anonymous_15)","decl":{"start":{"line":118,"column":4},"end":{"line":118,"column":5}},"loc":{"start":{"line":118,"column":22},"end":{"line":132,"column":5}},"line":118},"16":{"name":"(anonymous_16)","decl":{"start":{"line":120,"column":27},"end":{"line":120,"column":28}},"loc":{"start":{"line":120,"column":48},"end":{"line":131,"column":9}},"line":120},"17":{"name":"(anonymous_17)","decl":{"start":{"line":123,"column":40},"end":{"line":123,"column":41}},"loc":{"start":{"line":123,"column":48},"end":{"line":126,"column":13}},"line":123},"18":{"name":"(anonymous_18)","decl":{"start":{"line":127,"column":23},"end":{"line":127,"column":24}},"loc":{"start":{"line":127,"column":30},"end":{"line":130,"column":17}},"line":127},"19":{"name":"(anonymous_19)","decl":{"start":{"line":134,"column":4},"end":{"line":134,"column":5}},"loc":{"start":{"line":134,"column":35},"end":{"line":147,"column":5}},"line":134},"20":{"name":"(anonymous_20)","decl":{"start":{"line":136,"column":27},"end":{"line":136,"column":28}},"loc":{"start":{"line":136,"column":48},"end":{"line":146,"column":9}},"line":136},"21":{"name":"(anonymous_21)","decl":{"start":{"line":139,"column":18},"end":{"line":139,"column":19}},"loc":{"start":{"line":139,"column":26},"end":{"line":142,"column":13}},"line":139},"22":{"name":"(anonymous_22)","decl":{"start":{"line":143,"column":23},"end":{"line":143,"column":24}},"loc":{"start":{"line":143,"column":32},"end":{"line":145,"column":17}},"line":143}},"branchMap":{"0":{"loc":{"start":{"line":99,"column":28},"end":{"line":108,"column":29}},"type":"if","locations":[{"start":{"line":99,"column":28},"end":{"line":108,"column":29}},{"start":{"line":99,"column":28},"end":{"line":108,"column":29}}],"line":99}},"s":{"0":1,"1":1,"2":1,"3":1,"4":1,"5":0,"6":0,"7":0,"8":0,"9":0,"10":0,"11":0,"12":0,"13":0,"14":0,"15":0,"16":0,"17":0,"18":0,"19":0,"20":0,"21":0,"22":0,"23":0,"24":0,"25":0,"26":0,"27":0,"28":0,"29":0,"30":0,"31":0,"32":0,"33":0,"34":0,"35":0,"36":0,"37":0,"38":0,"39":0,"40":0,"41":0,"42":0,"43":0,"44":1},"f":{"0":0,"1":0,"2":0,"3":0,"4":0,"5":0,"6":0,"7":0,"8":0,"9":0,"10":0,"11":0,"12":0,"13":0,"14":0,"15":0,"16":0,"17":0,"18":0,"19":0,"20":0,"21":0,"22":0},"b":{"0":[0,0]},"_coverageSchema":"1a1c01bbd47fc00a2c39e90264f33305004495a9","hash":"16b8344153ef793f23f8d0bf0cc0a66fc49df0a7","contentHash":"072b25f31f89f41ad2a57dfb8aefdb2cfcdce542670dda3a7c196aeef66e6b7c"},"/home/user/Desktop/FundooApp/controller/user.js":{"path":"/home/user/Desktop/FundooApp/controller/user.js","statementMap":{"0":{"start":{"line":2,"column":26},"end":{"line":2,"column":63}},"1":{"start":{"line":3,"column":19},"end":{"line":3,"column":51}},"2":{"start":{"line":4,"column":14},"end":{"line":4,"column":41}},"3":{"start":{"line":5,"column":16},"end":{"line":5,"column":44}},"4":{"start":{"line":6,"column":15},"end":{"line":6,"column":48}},"5":{"start":{"line":7,"column":14},"end":{"line":7,"column":30}},"6":{"start":{"line":8,"column":0},"end":{"line":8,"column":27}},"7":{"start":{"line":9,"column":15},"end":{"line":9,"column":62}},"8":{"start":{"line":12,"column":18},"end":{"line":12,"column":34}},"9":{"start":{"line":20,"column":8},"end":{"line":80,"column":9}},"10":{"start":{"line":21,"column":8},"end":{"line":22,"column":89}},"11":{"start":{"line":23,"column":8},"end":{"line":23,"column":75}},"12":{"start":{"line":25,"column":8},"end":{"line":25,"column":113}},"13":{"start":{"line":27,"column":23},"end":{"line":27,"column":45}},"14":{"start":{"line":28,"column":23},"end":{"line":28,"column":25}},"15":{"start":{"line":29,"column":8},"end":{"line":33,"column":9}},"16":{"start":{"line":30,"column":12},"end":{"line":30,"column":36}},"17":{"start":{"line":31,"column":12},"end":{"line":31,"column":35}},"18":{"start":{"line":32,"column":12},"end":{"line":32,"column":49}},"19":{"start":{"line":34,"column":31},"end":{"line":39,"column":9}},"20":{"start":{"line":41,"column":8},"end":{"line":74,"column":14}},"21":{"start":{"line":43,"column":30},"end":{"line":46,"column":17}},"22":{"start":{"line":47,"column":16},"end":{"line":47,"column":46}},"23":{"start":{"line":49,"column":31},"end":{"line":49,"column":71}},"24":{"start":{"line":50,"column":16},"end":{"line":50,"column":53}},"25":{"start":{"line":52,"column":16},"end":{"line":52,"column":62}},"26":{"start":{"line":54,"column":30},"end":{"line":54,"column":72}},"27":{"start":{"line":55,"column":16},"end":{"line":65,"column":22}},"28":{"start":{"line":56,"column":20},"end":{"line":56,"column":45}},"29":{"start":{"line":57,"column":20},"end":{"line":57,"column":43}},"30":{"start":{"line":58,"column":20},"end":{"line":58,"column":65}},"31":{"start":{"line":59,"column":20},"end":{"line":59,"column":40}},"32":{"start":{"line":60,"column":20},"end":{"line":60,"column":58}},"33":{"start":{"line":63,"column":24},"end":{"line":63,"column":47}},"34":{"start":{"line":64,"column":24},"end":{"line":64,"column":62}},"35":{"start":{"line":66,"column":16},"end":{"line":66,"column":39}},"36":{"start":{"line":70,"column":16},"end":{"line":70,"column":40}},"37":{"start":{"line":71,"column":16},"end":{"line":71,"column":60}},"38":{"start":{"line":72,"column":16},"end":{"line":72,"column":39}},"39":{"start":{"line":73,"column":16},"end":{"line":73,"column":53}},"40":{"start":{"line":77,"column":12},"end":{"line":77,"column":36}},"41":{"start":{"line":78,"column":12},"end":{"line":78,"column":36}},"42":{"start":{"line":79,"column":12},"end":{"line":79,"column":50}},"43":{"start":{"line":84,"column":23},"end":{"line":84,"column":25}},"44":{"start":{"line":85,"column":8},"end":{"line":136,"column":5}},"45":{"start":{"line":86,"column":8},"end":{"line":86,"column":75}},"46":{"start":{"line":87,"column":23},"end":{"line":87,"column":45}},"47":{"start":{"line":88,"column":8},"end":{"line":130,"column":9}},"48":{"start":{"line":89,"column":12},"end":{"line":89,"column":36}},"49":{"start":{"line":90,"column":12},"end":{"line":90,"column":35}},"50":{"start":{"line":91,"column":12},"end":{"line":91,"column":49}},"51":{"start":{"line":95,"column":12},"end":{"line":95,"column":33}},"52":{"start":{"line":97,"column":30},"end":{"line":97,"column":32}},"53":{"start":{"line":99,"column":12},"end":{"line":100,"column":54}},"54":{"start":{"line":101,"column":12},"end":{"line":101,"column":38}},"55":{"start":{"line":103,"column":12},"end":{"line":129,"column":18}},"56":{"start":{"line":105,"column":20},"end":{"line":105,"column":46}},"57":{"start":{"line":107,"column":36},"end":{"line":110,"column":21}},"58":{"start":{"line":111,"column":20},"end":{"line":111,"column":66}},"59":{"start":{"line":113,"column":35},"end":{"line":113,"column":75}},"60":{"start":{"line":114,"column":20},"end":{"line":114,"column":54}},"61":{"start":{"line":115,"column":20},"end":{"line":115,"column":66}},"62":{"start":{"line":116,"column":20},"end":{"line":116,"column":46}},"63":{"start":{"line":117,"column":20},"end":{"line":117,"column":43}},"64":{"start":{"line":118,"column":20},"end":{"line":118,"column":58}},"65":{"start":{"line":119,"column":20},"end":{"line":119,"column":40}},"66":{"start":{"line":121,"column":20},"end":{"line":121,"column":58}},"67":{"start":{"line":124,"column":20},"end":{"line":124,"column":63}},"68":{"start":{"line":125,"column":20},"end":{"line":125,"column":44}},"69":{"start":{"line":126,"column":20},"end":{"line":126,"column":40}},"70":{"start":{"line":128,"column":20},"end":{"line":128,"column":57}},"71":{"start":{"line":133,"column":8},"end":{"line":133,"column":32}},"72":{"start":{"line":134,"column":8},"end":{"line":134,"column":32}},"73":{"start":{"line":135,"column":8},"end":{"line":135,"column":46}},"74":{"start":{"line":140,"column":8},"end":{"line":192,"column":9}},"75":{"start":{"line":141,"column":8},"end":{"line":141,"column":79}},"76":{"start":{"line":142,"column":8},"end":{"line":142,"column":98}},"77":{"start":{"line":144,"column":18},"end":{"line":144,"column":20}},"78":{"start":{"line":145,"column":22},"end":{"line":145,"column":48}},"79":{"start":{"line":146,"column":8},"end":{"line":186,"column":9}},"80":{"start":{"line":147,"column":12},"end":{"line":147,"column":32}},"81":{"start":{"line":148,"column":12},"end":{"line":148,"column":39}},"82":{"start":{"line":149,"column":12},"end":{"line":149,"column":30}},"83":{"start":{"line":150,"column":12},"end":{"line":150,"column":29}},"84":{"start":{"line":151,"column":12},"end":{"line":151,"column":50}},"85":{"start":{"line":154,"column":31},"end":{"line":156,"column":13}},"86":{"start":{"line":157,"column":12},"end":{"line":157,"column":50}},"87":{"start":{"line":161,"column":12},"end":{"line":185,"column":18}},"88":{"start":{"line":162,"column":16},"end":{"line":162,"column":59}},"89":{"start":{"line":163,"column":30},"end":{"line":165,"column":17}},"90":{"start":{"line":166,"column":31},"end":{"line":166,"column":71}},"91":{"start":{"line":168,"column":16},"end":{"line":168,"column":62}},"92":{"start":{"line":169,"column":26},"end":{"line":169,"column":69}},"93":{"start":{"line":171,"column":16},"end":{"line":171,"column":55}},"94":{"start":{"line":172,"column":16},"end":{"line":173,"column":72}},"95":{"start":{"line":176,"column":16},"end":{"line":176,"column":80}},"96":{"start":{"line":179,"column":20},"end":{"line":179,"column":36}},"97":{"start":{"line":180,"column":20},"end":{"line":181,"column":63}},"98":{"start":{"line":183,"column":20},"end":{"line":183,"column":58}},"99":{"start":{"line":189,"column":12},"end":{"line":189,"column":36}},"100":{"start":{"line":190,"column":12},"end":{"line":190,"column":36}},"101":{"start":{"line":191,"column":12},"end":{"line":191,"column":50}},"102":{"start":{"line":196,"column":8},"end":{"line":238,"column":5}},"103":{"start":{"line":197,"column":8},"end":{"line":197,"column":50}},"104":{"start":{"line":198,"column":8},"end":{"line":198,"column":68}},"105":{"start":{"line":199,"column":8},"end":{"line":199,"column":91}},"106":{"start":{"line":200,"column":8},"end":{"line":200,"column":105}},"107":{"start":{"line":201,"column":18},"end":{"line":201,"column":20}},"108":{"start":{"line":202,"column":23},"end":{"line":202,"column":49}},"109":{"start":{"line":203,"column":8},"end":{"line":232,"column":9}},"110":{"start":{"line":204,"column":12},"end":{"line":204,"column":30}},"111":{"start":{"line":205,"column":12},"end":{"line":205,"column":32}},"112":{"start":{"line":206,"column":12},"end":{"line":206,"column":40}},"113":{"start":{"line":207,"column":12},"end":{"line":207,"column":31}},"114":{"start":{"line":208,"column":12},"end":{"line":208,"column":50}},"115":{"start":{"line":211,"column":30},"end":{"line":214,"column":13}},"116":{"start":{"line":218,"column":12},"end":{"line":230,"column":18}},"117":{"start":{"line":220,"column":16},"end":{"line":220,"column":35}},"118":{"start":{"line":221,"column":16},"end":{"line":221,"column":32}},"119":{"start":{"line":222,"column":16},"end":{"line":222,"column":60}},"120":{"start":{"line":224,"column":16},"end":{"line":224,"column":53}},"121":{"start":{"line":227,"column":20},"end":{"line":228,"column":37}},"122":{"start":{"line":229,"column":20},"end":{"line":229,"column":58}},"123":{"start":{"line":235,"column":8},"end":{"line":235,"column":32}},"124":{"start":{"line":236,"column":8},"end":{"line":236,"column":32}},"125":{"start":{"line":237,"column":8},"end":{"line":237,"column":46}},"126":{"start":{"line":242,"column":8},"end":{"line":269,"column":9}},"127":{"start":{"line":243,"column":12},"end":{"line":265,"column":14}},"128":{"start":{"line":244,"column":26},"end":{"line":244,"column":28}},"129":{"start":{"line":247,"column":16},"end":{"line":264,"column":22}},"130":{"start":{"line":249,"column":24},"end":{"line":249,"column":37}},"131":{"start":{"line":250,"column":24},"end":{"line":260,"column":25}},"132":{"start":{"line":251,"column":28},"end":{"line":251,"column":47}},"133":{"start":{"line":253,"column":28},"end":{"line":253,"column":40}},"134":{"start":{"line":256,"column":28},"end":{"line":256,"column":47}},"135":{"start":{"line":257,"column":28},"end":{"line":257,"column":44}},"136":{"start":{"line":259,"column":28},"end":{"line":259,"column":40}},"137":{"start":{"line":263,"column":24},"end":{"line":263,"column":36}},"138":{"start":{"line":268,"column":12},"end":{"line":268,"column":24}},"139":{"start":{"line":272,"column":8},"end":{"line":301,"column":9}},"140":{"start":{"line":273,"column":25},"end":{"line":275,"column":9}},"141":{"start":{"line":276,"column":8},"end":{"line":276,"column":52}},"142":{"start":{"line":277,"column":25},"end":{"line":277,"column":27}},"143":{"start":{"line":278,"column":8},"end":{"line":295,"column":14}},"144":{"start":{"line":280,"column":16},"end":{"line":280,"column":48}},"145":{"start":{"line":283,"column":16},"end":{"line":283,"column":40}},"146":{"start":{"line":284,"column":16},"end":{"line":284,"column":37}},"147":{"start":{"line":287,"column":16},"end":{"line":287,"column":53}},"148":{"start":{"line":290,"column":16},"end":{"line":290,"column":42}},"149":{"start":{"line":292,"column":16},"end":{"line":293,"column":34}},"150":{"start":{"line":294,"column":16},"end":{"line":294,"column":54}},"151":{"start":{"line":298,"column":12},"end":{"line":298,"column":36}},"152":{"start":{"line":299,"column":12},"end":{"line":299,"column":36}},"153":{"start":{"line":300,"column":12},"end":{"line":300,"column":50}},"154":{"start":{"line":305,"column":8},"end":{"line":334,"column":9}},"155":{"start":{"line":306,"column":8},"end":{"line":306,"column":46}},"156":{"start":{"line":312,"column":23},"end":{"line":312,"column":25}},"157":{"start":{"line":313,"column":8},"end":{"line":328,"column":14}},"158":{"start":{"line":315,"column":12},"end":{"line":315,"column":38}},"159":{"start":{"line":316,"column":12},"end":{"line":316,"column":35}},"160":{"start":{"line":317,"column":12},"end":{"line":317,"column":55}},"161":{"start":{"line":318,"column":12},"end":{"line":318,"column":32}},"162":{"start":{"line":320,"column":12},"end":{"line":320,"column":50}},"163":{"start":{"line":323,"column":16},"end":{"line":323,"column":61}},"164":{"start":{"line":324,"column":16},"end":{"line":324,"column":40}},"165":{"start":{"line":325,"column":16},"end":{"line":325,"column":36}},"166":{"start":{"line":327,"column":16},"end":{"line":327,"column":53}},"167":{"start":{"line":331,"column":12},"end":{"line":331,"column":36}},"168":{"start":{"line":332,"column":12},"end":{"line":332,"column":36}},"169":{"start":{"line":333,"column":12},"end":{"line":333,"column":50}},"170":{"start":{"line":340,"column":0},"end":{"line":340,"column":34}}},"fnMap":{"0":{"name":"(anonymous_0)","decl":{"start":{"line":19,"column":4},"end":{"line":19,"column":5}},"loc":{"start":{"line":19,"column":27},"end":{"line":81,"column":5}},"line":19},"1":{"name":"(anonymous_1)","decl":{"start":{"line":42,"column":18},"end":{"line":42,"column":19}},"loc":{"start":{"line":42,"column":26},"end":{"line":68,"column":13}},"line":42},"2":{"name":"(anonymous_2)","decl":{"start":{"line":55,"column":59},"end":{"line":55,"column":60}},"loc":{"start":{"line":55,"column":67},"end":{"line":61,"column":17}},"line":55},"3":{"name":"(anonymous_3)","decl":{"start":{"line":62,"column":27},"end":{"line":62,"column":28}},"loc":{"start":{"line":62,"column":36},"end":{"line":65,"column":21}},"line":62},"4":{"name":"(anonymous_4)","decl":{"start":{"line":69,"column":19},"end":{"line":69,"column":20}},"loc":{"start":{"line":69,"column":26},"end":{"line":74,"column":13}},"line":69},"5":{"name":"(anonymous_5)","decl":{"start":{"line":83,"column":4},"end":{"line":83,"column":5}},"loc":{"start":{"line":83,"column":20},"end":{"line":137,"column":5}},"line":83},"6":{"name":"(anonymous_6)","decl":{"start":{"line":104,"column":22},"end":{"line":104,"column":23}},"loc":{"start":{"line":104,"column":30},"end":{"line":122,"column":17}},"line":104},"7":{"name":"(anonymous_7)","decl":{"start":{"line":123,"column":23},"end":{"line":123,"column":24}},"loc":{"start":{"line":123,"column":30},"end":{"line":129,"column":17}},"line":123},"8":{"name":"(anonymous_8)","decl":{"start":{"line":139,"column":4},"end":{"line":139,"column":5}},"loc":{"start":{"line":139,"column":48},"end":{"line":193,"column":5}},"line":139},"9":{"name":"(anonymous_9)","decl":{"start":{"line":161,"column":61},"end":{"line":161,"column":62}},"loc":{"start":{"line":161,"column":69},"end":{"line":177,"column":13}},"line":161},"10":{"name":"(anonymous_10)","decl":{"start":{"line":178,"column":23},"end":{"line":178,"column":24}},"loc":{"start":{"line":178,"column":30},"end":{"line":185,"column":17}},"line":178},"11":{"name":"(anonymous_11)","decl":{"start":{"line":195,"column":4},"end":{"line":195,"column":5}},"loc":{"start":{"line":195,"column":47},"end":{"line":239,"column":5}},"line":195},"12":{"name":"(anonymous_12)","decl":{"start":{"line":218,"column":59},"end":{"line":218,"column":60}},"loc":{"start":{"line":218,"column":67},"end":{"line":225,"column":13}},"line":218},"13":{"name":"(anonymous_13)","decl":{"start":{"line":226,"column":23},"end":{"line":226,"column":24}},"loc":{"start":{"line":226,"column":30},"end":{"line":230,"column":17}},"line":226},"14":{"name":"(anonymous_14)","decl":{"start":{"line":241,"column":4},"end":{"line":241,"column":5}},"loc":{"start":{"line":241,"column":52},"end":{"line":270,"column":5}},"line":241},"15":{"name":"(anonymous_15)","decl":{"start":{"line":243,"column":40},"end":{"line":243,"column":41}},"loc":{"start":{"line":243,"column":50},"end":{"line":265,"column":13}},"line":243},"16":{"name":"(anonymous_16)","decl":{"start":{"line":248,"column":26},"end":{"line":248,"column":27}},"loc":{"start":{"line":248,"column":34},"end":{"line":261,"column":21}},"line":248},"17":{"name":"(anonymous_17)","decl":{"start":{"line":262,"column":27},"end":{"line":262,"column":28}},"loc":{"start":{"line":262,"column":34},"end":{"line":264,"column":21}},"line":262},"18":{"name":"(anonymous_18)","decl":{"start":{"line":271,"column":4},"end":{"line":271,"column":5}},"loc":{"start":{"line":271,"column":30},"end":{"line":302,"column":5}},"line":271},"19":{"name":"(anonymous_19)","decl":{"start":{"line":279,"column":18},"end":{"line":279,"column":19}},"loc":{"start":{"line":279,"column":26},"end":{"line":288,"column":13}},"line":279},"20":{"name":"(anonymous_20)","decl":{"start":{"line":289,"column":19},"end":{"line":289,"column":20}},"loc":{"start":{"line":289,"column":26},"end":{"line":295,"column":13}},"line":289},"21":{"name":"(anonymous_21)","decl":{"start":{"line":304,"column":4},"end":{"line":304,"column":5}},"loc":{"start":{"line":304,"column":23},"end":{"line":335,"column":5}},"line":304},"22":{"name":"(anonymous_22)","decl":{"start":{"line":313,"column":32},"end":{"line":313,"column":33}},"loc":{"start":{"line":313,"column":40},"end":{"line":321,"column":9}},"line":313},"23":{"name":"(anonymous_23)","decl":{"start":{"line":322,"column":19},"end":{"line":322,"column":20}},"loc":{"start":{"line":322,"column":26},"end":{"line":328,"column":13}},"line":322}},"branchMap":{"0":{"loc":{"start":{"line":29,"column":8},"end":{"line":33,"column":9}},"type":"if","locations":[{"start":{"line":29,"column":8},"end":{"line":33,"column":9}},{"start":{"line":29,"column":8},"end":{"line":33,"column":9}}],"line":29},"1":{"loc":{"start":{"line":88,"column":8},"end":{"line":130,"column":9}},"type":"if","locations":[{"start":{"line":88,"column":8},"end":{"line":130,"column":9}},{"start":{"line":88,"column":8},"end":{"line":130,"column":9}}],"line":88},"2":{"loc":{"start":{"line":146,"column":8},"end":{"line":186,"column":9}},"type":"if","locations":[{"start":{"line":146,"column":8},"end":{"line":186,"column":9}},{"start":{"line":146,"column":8},"end":{"line":186,"column":9}}],"line":146},"3":{"loc":{"start":{"line":203,"column":8},"end":{"line":232,"column":9}},"type":"if","locations":[{"start":{"line":203,"column":8},"end":{"line":232,"column":9}},{"start":{"line":203,"column":8},"end":{"line":232,"column":9}}],"line":203},"4":{"loc":{"start":{"line":250,"column":24},"end":{"line":260,"column":25}},"type":"if","locations":[{"start":{"line":250,"column":24},"end":{"line":260,"column":25}},{"start":{"line":250,"column":24},"end":{"line":260,"column":25}}],"line":250}},"s":{"0":1,"1":1,"2":1,"3":1,"4":1,"5":1,"6":1,"7":1,"8":1,"9":0,"10":0,"11":0,"12":0,"13":0,"14":0,"15":0,"16":0,"17":0,"18":0,"19":0,"20":0,"21":0,"22":0,"23":0,"24":0,"25":0,"26":0,"27":0,"28":0,"29":0,"30":0,"31":0,"32":0,"33":0,"34":0,"35":0,"36":0,"37":0,"38":0,"39":0,"40":0,"41":0,"42":0,"43":0,"44":0,"45":0,"46":0,"47":0,"48":0,"49":0,"50":0,"51":0,"52":0,"53":0,"54":0,"55":0,"56":0,"57":0,"58":0,"59":0,"60":0,"61":0,"62":0,"63":0,"64":0,"65":0,"66":0,"67":0,"68":0,"69":0,"70":0,"71":0,"72":0,"73":0,"74":0,"75":0,"76":0,"77":0,"78":0,"79":0,"80":0,"81":0,"82":0,"83":0,"84":0,"85":0,"86":0,"87":0,"88":0,"89":0,"90":0,"91":0,"92":0,"93":0,"94":0,"95":0,"96":0,"97":0,"98":0,"99":0,"100":0,"101":0,"102":0,"103":0,"104":0,"105":0,"106":0,"107":0,"108":0,"109":0,"110":0,"111":0,"112":0,"113":0,"114":0,"115":0,"116":0,"117":0,"118":0,"119":0,"120":0,"121":0,"122":0,"123":0,"124":0,"125":0,"126":0,"127":0,"128":0,"129":0,"130":0,"131":0,"132":0,"133":0,"134":0,"135":0,"136":0,"137":0,"138":0,"139":0,"140":0,"141":0,"142":0,"143":0,"144":0,"145":0,"146":0,"147":0,"148":0,"149":0,"150":0,"151":0,"152":0,"153":0,"154":0,"155":0,"156":0,"157":0,"158":0,"159":0,"160":0,"161":0,"162":0,"163":0,"164":0,"165":0,"166":0,"167":0,"168":0,"169":0,"170":1},"f":{"0":0,"1":0,"2":0,"3":0,"4":0,"5":0,"6":0,"7":0,"8":0,"9":0,"10":0,"11":0,"12":0,"13":0,"14":0,"15":0,"16":0,"17":0,"18":0,"19":0,"20":0,"21":0,"22":0,"23":0},"b":{"0":[0,0],"1":[0,0],"2":[0,0],"3":[0,0],"4":[0,0]},"_coverageSchema":"1a1c01bbd47fc00a2c39e90264f33305004495a9","hash":"587475d714b382df4bbef8e3c9e107a5dbbac355","contentHash":"5f2924d34926091439d9b5ffe7ac8257cb28da4b5373343399f6d083692a6bfd"},"/home/user/Desktop/FundooApp/utility/mailSender.js":{"path":"/home/user/Desktop/FundooApp/utility/mailSender.js","statementMap":{"0":{"start":{"line":2,"column":19},"end":{"line":2,"column":40}},"1":{"start":{"line":3,"column":0},"end":{"line":3,"column":26}},"2":{"start":{"line":4,"column":0},"end":{"line":32,"column":1}},"3":{"start":{"line":6,"column":2},"end":{"line":6,"column":16}},"4":{"start":{"line":8,"column":22},"end":{"line":15,"column":6}},"5":{"start":{"line":17,"column":24},"end":{"line":22,"column":5}},"6":{"start":{"line":24,"column":4},"end":{"line":29,"column":8}},"7":{"start":{"line":25,"column":8},"end":{"line":28,"column":28}},"8":{"start":{"line":26,"column":10},"end":{"line":26,"column":35}},"9":{"start":{"line":28,"column":10},"end":{"line":28,"column":28}}},"fnMap":{"0":{"name":"(anonymous_0)","decl":{"start":{"line":5,"column":0},"end":{"line":5,"column":1}},"loc":{"start":{"line":6,"column":0},"end":{"line":30,"column":1}},"line":6},"1":{"name":"(anonymous_1)","decl":{"start":{"line":24,"column":38},"end":{"line":24,"column":39}},"loc":{"start":{"line":24,"column":59},"end":{"line":29,"column":6}},"line":24}},"branchMap":{"0":{"loc":{"start":{"line":25,"column":8},"end":{"line":28,"column":28}},"type":"if","locations":[{"start":{"line":25,"column":8},"end":{"line":28,"column":28}},{"start":{"line":25,"column":8},"end":{"line":28,"column":28}}],"line":25}},"s":{"0":1,"1":1,"2":1,"3":0,"4":0,"5":0,"6":0,"7":0,"8":0,"9":0},"f":{"0":0,"1":0},"b":{"0":[0,0]},"_coverageSchema":"1a1c01bbd47fc00a2c39e90264f33305004495a9","hash":"518aa950fdaacf1df99e97781264268d93d19304","contentHash":"0cb42923560ecdfcd1a4aa10cfedc1bd5bf9c33e10d611f888bc419c1d5e4f71"},"/home/user/Desktop/FundooApp/services/user.js":{"path":"/home/user/Desktop/FundooApp/services/user.js","statementMap":{"0":{"start":{"line":1,"column":16},"end":{"line":1,"column":45}},"1":{"start":{"line":2,"column":15},"end":{"line":2,"column":32}},"2":{"start":{"line":8,"column":8},"end":{"line":34,"column":9}},"3":{"start":{"line":9,"column":12},"end":{"line":30,"column":14}},"4":{"start":{"line":10,"column":16},"end":{"line":29,"column":22}},"5":{"start":{"line":11,"column":20},"end":{"line":11,"column":54}},"6":{"start":{"line":13,"column":20},"end":{"line":24,"column":21}},"7":{"start":{"line":15,"column":24},"end":{"line":20,"column":30}},"8":{"start":{"line":16,"column":28},"end":{"line":16,"column":41}},"9":{"start":{"line":19,"column":32},"end":{"line":19,"column":43}},"10":{"start":{"line":22,"column":25},"end":{"line":24,"column":21}},"11":{"start":{"line":23,"column":24},"end":{"line":23,"column":56}},"12":{"start":{"line":27,"column":24},"end":{"line":27,"column":56}},"13":{"start":{"line":28,"column":24},"end":{"line":28,"column":35}},"14":{"start":{"line":33,"column":12},"end":{"line":33,"column":31}},"15":{"start":{"line":40,"column":8},"end":{"line":80,"column":10}},"16":{"start":{"line":41,"column":12},"end":{"line":79,"column":18}},"17":{"start":{"line":43,"column":20},"end":{"line":43,"column":58}},"18":{"start":{"line":45,"column":20},"end":{"line":73,"column":21}},"19":{"start":{"line":50,"column":24},"end":{"line":67,"column":25}},"20":{"start":{"line":51,"column":27},"end":{"line":63,"column":34}},"21":{"start":{"line":55,"column":36},"end":{"line":55,"column":71}},"22":{"start":{"line":57,"column":36},"end":{"line":62,"column":37}},"23":{"start":{"line":58,"column":40},"end":{"line":58,"column":53}},"24":{"start":{"line":61,"column":40},"end":{"line":61,"column":51}},"25":{"start":{"line":65,"column":28},"end":{"line":65,"column":83}},"26":{"start":{"line":70,"column":25},"end":{"line":73,"column":21}},"27":{"start":{"line":71,"column":24},"end":{"line":71,"column":70}},"28":{"start":{"line":78,"column":20},"end":{"line":78,"column":31}},"29":{"start":{"line":141,"column":8},"end":{"line":164,"column":9}},"30":{"start":{"line":143,"column":12},"end":{"line":160,"column":14}},"31":{"start":{"line":144,"column":16},"end":{"line":159,"column":22}},"32":{"start":{"line":145,"column":20},"end":{"line":145,"column":52}},"33":{"start":{"line":147,"column":20},"end":{"line":147,"column":54}},"34":{"start":{"line":149,"column":20},"end":{"line":149,"column":33}},"35":{"start":{"line":154,"column":24},"end":{"line":154,"column":61}},"36":{"start":{"line":157,"column":24},"end":{"line":157,"column":36}},"37":{"start":{"line":163,"column":12},"end":{"line":163,"column":29}},"38":{"start":{"line":167,"column":8},"end":{"line":185,"column":9}},"39":{"start":{"line":168,"column":12},"end":{"line":168,"column":39}},"40":{"start":{"line":169,"column":12},"end":{"line":181,"column":14}},"41":{"start":{"line":171,"column":16},"end":{"line":180,"column":22}},"42":{"start":{"line":174,"column":20},"end":{"line":174,"column":49}},"43":{"start":{"line":175,"column":20},"end":{"line":175,"column":33}},"44":{"start":{"line":179,"column":24},"end":{"line":179,"column":35}},"45":{"start":{"line":184,"column":12},"end":{"line":184,"column":29}},"46":{"start":{"line":189,"column":8},"end":{"line":189,"column":55}},"47":{"start":{"line":190,"column":8},"end":{"line":216,"column":10}},"48":{"start":{"line":191,"column":12},"end":{"line":215,"column":14}},"49":{"start":{"line":198,"column":16},"end":{"line":198,"column":47}},"50":{"start":{"line":199,"column":16},"end":{"line":214,"column":17}},"51":{"start":{"line":200,"column":20},"end":{"line":213,"column":26}},"52":{"start":{"line":207,"column":28},"end":{"line":207,"column":41}},"53":{"start":{"line":211,"column":28},"end":{"line":211,"column":41}},"54":{"start":{"line":221,"column":8},"end":{"line":242,"column":9}},"55":{"start":{"line":223,"column":12},"end":{"line":238,"column":14}},"56":{"start":{"line":225,"column":16},"end":{"line":237,"column":22}},"57":{"start":{"line":229,"column":24},"end":{"line":229,"column":62}},"58":{"start":{"line":230,"column":24},"end":{"line":230,"column":37}},"59":{"start":{"line":234,"column":24},"end":{"line":234,"column":62}},"60":{"start":{"line":236,"column":24},"end":{"line":236,"column":35}},"61":{"start":{"line":241,"column":12},"end":{"line":241,"column":29}},"62":{"start":{"line":246,"column":8},"end":{"line":267,"column":9}},"63":{"start":{"line":248,"column":12},"end":{"line":263,"column":14}},"64":{"start":{"line":250,"column":16},"end":{"line":262,"column":22}},"65":{"start":{"line":254,"column":24},"end":{"line":254,"column":62}},"66":{"start":{"line":255,"column":24},"end":{"line":255,"column":37}},"67":{"start":{"line":259,"column":24},"end":{"line":259,"column":62}},"68":{"start":{"line":261,"column":24},"end":{"line":261,"column":35}},"69":{"start":{"line":266,"column":12},"end":{"line":266,"column":29}},"70":{"start":{"line":273,"column":0},"end":{"line":273,"column":32}}},"fnMap":{"0":{"name":"(anonymous_0)","decl":{"start":{"line":7,"column":4},"end":{"line":7,"column":5}},"loc":{"start":{"line":7,"column":26},"end":{"line":35,"column":5}},"line":7},"1":{"name":"(anonymous_1)","decl":{"start":{"line":9,"column":31},"end":{"line":9,"column":32}},"loc":{"start":{"line":9,"column":52},"end":{"line":30,"column":13}},"line":9},"2":{"name":"(anonymous_2)","decl":{"start":{"line":10,"column":44},"end":{"line":10,"column":45}},"loc":{"start":{"line":10,"column":54},"end":{"line":25,"column":17}},"line":10},"3":{"name":"(anonymous_3)","decl":{"start":{"line":15,"column":55},"end":{"line":15,"column":56}},"loc":{"start":{"line":15,"column":63},"end":{"line":17,"column":25}},"line":15},"4":{"name":"(anonymous_4)","decl":{"start":{"line":18,"column":35},"end":{"line":18,"column":36}},"loc":{"start":{"line":18,"column":42},"end":{"line":20,"column":29}},"line":18},"5":{"name":"(anonymous_5)","decl":{"start":{"line":26,"column":27},"end":{"line":26,"column":28}},"loc":{"start":{"line":26,"column":34},"end":{"line":29,"column":21}},"line":26},"6":{"name":"(anonymous_6)","decl":{"start":{"line":38,"column":4},"end":{"line":38,"column":5}},"loc":{"start":{"line":38,"column":25},"end":{"line":82,"column":5}},"line":38},"7":{"name":"(anonymous_7)","decl":{"start":{"line":40,"column":27},"end":{"line":40,"column":28}},"loc":{"start":{"line":40,"column":48},"end":{"line":80,"column":9}},"line":40},"8":{"name":"(anonymous_8)","decl":{"start":{"line":42,"column":22},"end":{"line":42,"column":23}},"loc":{"start":{"line":42,"column":32},"end":{"line":75,"column":17}},"line":42},"9":{"name":"(anonymous_9)","decl":{"start":{"line":54,"column":38},"end":{"line":54,"column":39}},"loc":{"start":{"line":54,"column":51},"end":{"line":63,"column":33}},"line":54},"10":{"name":"(anonymous_10)","decl":{"start":{"line":76,"column":23},"end":{"line":76,"column":24}},"loc":{"start":{"line":76,"column":30},"end":{"line":79,"column":17}},"line":76},"11":{"name":"(anonymous_11)","decl":{"start":{"line":140,"column":4},"end":{"line":140,"column":5}},"loc":{"start":{"line":140,"column":37},"end":{"line":165,"column":5}},"line":140},"12":{"name":"(anonymous_12)","decl":{"start":{"line":143,"column":31},"end":{"line":143,"column":32}},"loc":{"start":{"line":143,"column":52},"end":{"line":160,"column":13}},"line":143},"13":{"name":"(anonymous_13)","decl":{"start":{"line":144,"column":50},"end":{"line":144,"column":51}},"loc":{"start":{"line":144,"column":60},"end":{"line":151,"column":17}},"line":144},"14":{"name":"(anonymous_14)","decl":{"start":{"line":153,"column":27},"end":{"line":153,"column":28}},"loc":{"start":{"line":153,"column":34},"end":{"line":159,"column":21}},"line":153},"15":{"name":"(anonymous_15)","decl":{"start":{"line":166,"column":4},"end":{"line":166,"column":5}},"loc":{"start":{"line":166,"column":34},"end":{"line":186,"column":5}},"line":166},"16":{"name":"(anonymous_16)","decl":{"start":{"line":169,"column":31},"end":{"line":169,"column":32}},"loc":{"start":{"line":169,"column":52},"end":{"line":181,"column":13}},"line":169},"17":{"name":"(anonymous_17)","decl":{"start":{"line":171,"column":47},"end":{"line":171,"column":48}},"loc":{"start":{"line":171,"column":57},"end":{"line":176,"column":17}},"line":171},"18":{"name":"(anonymous_18)","decl":{"start":{"line":178,"column":27},"end":{"line":178,"column":28}},"loc":{"start":{"line":178,"column":34},"end":{"line":180,"column":21}},"line":178},"19":{"name":"(anonymous_19)","decl":{"start":{"line":188,"column":4},"end":{"line":188,"column":5}},"loc":{"start":{"line":188,"column":51},"end":{"line":217,"column":5}},"line":188},"20":{"name":"(anonymous_20)","decl":{"start":{"line":190,"column":27},"end":{"line":190,"column":28}},"loc":{"start":{"line":190,"column":48},"end":{"line":216,"column":9}},"line":190},"21":{"name":"(anonymous_21)","decl":{"start":{"line":191,"column":67},"end":{"line":191,"column":68}},"loc":{"start":{"line":191,"column":75},"end":{"line":215,"column":13}},"line":191},"22":{"name":"(anonymous_22)","decl":{"start":{"line":206,"column":30},"end":{"line":206,"column":31}},"loc":{"start":{"line":206,"column":38},"end":{"line":208,"column":25}},"line":206},"23":{"name":"(anonymous_23)","decl":{"start":{"line":210,"column":31},"end":{"line":210,"column":32}},"loc":{"start":{"line":210,"column":40},"end":{"line":213,"column":25}},"line":210},"24":{"name":"(anonymous_24)","decl":{"start":{"line":220,"column":4},"end":{"line":220,"column":5}},"loc":{"start":{"line":220,"column":27},"end":{"line":243,"column":5}},"line":220},"25":{"name":"(anonymous_25)","decl":{"start":{"line":223,"column":31},"end":{"line":223,"column":32}},"loc":{"start":{"line":223,"column":52},"end":{"line":238,"column":13}},"line":223},"26":{"name":"(anonymous_26)","decl":{"start":{"line":226,"column":26},"end":{"line":226,"column":27}},"loc":{"start":{"line":226,"column":34},"end":{"line":231,"column":21}},"line":226},"27":{"name":"(anonymous_27)","decl":{"start":{"line":233,"column":27},"end":{"line":233,"column":28}},"loc":{"start":{"line":233,"column":34},"end":{"line":237,"column":21}},"line":233},"28":{"name":"(anonymous_28)","decl":{"start":{"line":245,"column":4},"end":{"line":245,"column":5}},"loc":{"start":{"line":245,"column":19},"end":{"line":268,"column":5}},"line":245},"29":{"name":"(anonymous_29)","decl":{"start":{"line":248,"column":31},"end":{"line":248,"column":32}},"loc":{"start":{"line":248,"column":52},"end":{"line":263,"column":13}},"line":248},"30":{"name":"(anonymous_30)","decl":{"start":{"line":251,"column":26},"end":{"line":251,"column":27}},"loc":{"start":{"line":251,"column":34},"end":{"line":256,"column":21}},"line":251},"31":{"name":"(anonymous_31)","decl":{"start":{"line":258,"column":27},"end":{"line":258,"column":28}},"loc":{"start":{"line":258,"column":34},"end":{"line":262,"column":21}},"line":258}},"branchMap":{"0":{"loc":{"start":{"line":13,"column":20},"end":{"line":24,"column":21}},"type":"if","locations":[{"start":{"line":13,"column":20},"end":{"line":24,"column":21}},{"start":{"line":13,"column":20},"end":{"line":24,"column":21}}],"line":13},"1":{"loc":{"start":{"line":22,"column":25},"end":{"line":24,"column":21}},"type":"if","locations":[{"start":{"line":22,"column":25},"end":{"line":24,"column":21}},{"start":{"line":22,"column":25},"end":{"line":24,"column":21}}],"line":22},"2":{"loc":{"start":{"line":45,"column":20},"end":{"line":73,"column":21}},"type":"if","locations":[{"start":{"line":45,"column":20},"end":{"line":73,"column":21}},{"start":{"line":45,"column":20},"end":{"line":73,"column":21}}],"line":45},"3":{"loc":{"start":{"line":50,"column":24},"end":{"line":67,"column":25}},"type":"if","locations":[{"start":{"line":50,"column":24},"end":{"line":67,"column":25}},{"start":{"line":50,"column":24},"end":{"line":67,"column":25}}],"line":50},"4":{"loc":{"start":{"line":57,"column":36},"end":{"line":62,"column":37}},"type":"if","locations":[{"start":{"line":57,"column":36},"end":{"line":62,"column":37}},{"start":{"line":57,"column":36},"end":{"line":62,"column":37}}],"line":57},"5":{"loc":{"start":{"line":70,"column":25},"end":{"line":73,"column":21}},"type":"if","locations":[{"start":{"line":70,"column":25},"end":{"line":73,"column":21}},{"start":{"line":70,"column":25},"end":{"line":73,"column":21}}],"line":70},"6":{"loc":{"start":{"line":199,"column":16},"end":{"line":214,"column":17}},"type":"if","locations":[{"start":{"line":199,"column":16},"end":{"line":214,"column":17}},{"start":{"line":199,"column":16},"end":{"line":214,"column":17}}],"line":199}},"s":{"0":1,"1":1,"2":0,"3":0,"4":0,"5":0,"6":0,"7":0,"8":0,"9":0,"10":0,"11":0,"12":0,"13":0,"14":0,"15":0,"16":0,"17":0,"18":0,"19":0,"20":0,"21":0,"22":0,"23":0,"24":0,"25":0,"26":0,"27":0,"28":0,"29":0,"30":0,"31":0,"32":0,"33":0,"34":0,"35":0,"36":0,"37":0,"38":0,"39":0,"40":0,"41":0,"42":0,"43":0,"44":0,"45":0,"46":0,"47":0,"48":0,"49":0,"50":0,"51":0,"52":0,"53":0,"54":0,"55":0,"56":0,"57":0,"58":0,"59":0,"60":0,"61":0,"62":0,"63":0,"64":0,"65":0,"66":0,"67":0,"68":0,"69":0,"70":1},"f":{"0":0,"1":0,"2":0,"3":0,"4":0,"5":0,"6":0,"7":0,"8":0,"9":0,"10":0,"11":0,"12":0,"13":0,"14":0,"15":0,"16":0,"17":0,"18":0,"19":0,"20":0,"21":0,"22":0,"23":0,"24":0,"25":0,"26":0,"27":0,"28":0,"29":0,"30":0,"31":0},"b":{"0":[0,0],"1":[0,0],"2":[0,0],"3":[0,0],"4":[0,0],"5":[0,0],"6":[0,0]},"_coverageSchema":"1a1c01bbd47fc00a2c39e90264f33305004495a9","hash":"c9b584854d301490776f9aa2b1f23896c5684fa3","contentHash":"02c0130ec1b782270e62a65152fd637ab163b7be3e3bd55961dcd3c9761a81b8"},"/home/user/Desktop/FundooApp/utility/URLshortner.js":{"path":"/home/user/Desktop/FundooApp/utility/URLshortner.js","statementMap":{"0":{"start":{"line":1,"column":20},"end":{"line":1,"column":38}},"1":{"start":{"line":2,"column":22},"end":{"line":2,"column":49}},"2":{"start":{"line":3,"column":19},"end":{"line":3,"column":42}},"3":{"start":{"line":10,"column":8},"end":{"line":10,"column":51}},"4":{"start":{"line":12,"column":22},"end":{"line":12,"column":51}},"5":{"start":{"line":13,"column":23},"end":{"line":13,"column":73}},"6":{"start":{"line":14,"column":32},"end":{"line":18,"column":9}},"7":{"start":{"line":19,"column":8},"end":{"line":19,"column":45}},"8":{"start":{"line":21,"column":8},"end":{"line":33,"column":14}},"9":{"start":{"line":22,"column":12},"end":{"line":22,"column":38}},"10":{"start":{"line":23,"column":12},"end":{"line":23,"column":55}},"11":{"start":{"line":24,"column":16},"end":{"line":31,"column":22}},"12":{"start":{"line":25,"column":20},"end":{"line":25,"column":56}},"13":{"start":{"line":27,"column":20},"end":{"line":27,"column":33}},"14":{"start":{"line":30,"column":24},"end":{"line":30,"column":37}},"15":{"start":{"line":39,"column":0},"end":{"line":39,"column":24}}},"fnMap":{"0":{"name":"(anonymous_0)","decl":{"start":{"line":9,"column":4},"end":{"line":9,"column":5}},"loc":{"start":{"line":9,"column":31},"end":{"line":36,"column":9}},"line":9},"1":{"name":"(anonymous_1)","decl":{"start":{"line":21,"column":27},"end":{"line":21,"column":28}},"loc":{"start":{"line":21,"column":48},"end":{"line":33,"column":13}},"line":21},"2":{"name":"(anonymous_2)","decl":{"start":{"line":24,"column":82},"end":{"line":24,"column":83}},"loc":{"start":{"line":24,"column":90},"end":{"line":28,"column":17}},"line":24},"3":{"name":"(anonymous_3)","decl":{"start":{"line":29,"column":27},"end":{"line":29,"column":28}},"loc":{"start":{"line":29,"column":36},"end":{"line":31,"column":21}},"line":29}},"branchMap":{},"s":{"0":1,"1":1,"2":1,"3":0,"4":0,"5":0,"6":0,"7":0,"8":0,"9":0,"10":0,"11":0,"12":0,"13":0,"14":0,"15":1},"f":{"0":0,"1":0,"2":0,"3":0},"b":{},"_coverageSchema":"1a1c01bbd47fc00a2c39e90264f33305004495a9","hash":"949722e83d55af2ca1411c4e6456a3c05ac61eb7","contentHash":"0ec9832b4b44a2db09b7d019b28335b7f177f4a8cba25162bfe0f62d3aa5a03c"},"/home/user/Desktop/FundooApp/controller/note.js":{"path":"/home/user/Desktop/FundooApp/controller/note.js","statementMap":{"0":{"start":{"line":2,"column":26},"end":{"line":2,"column":63}},"1":{"start":{"line":3,"column":19},"end":{"line":3,"column":51}},"2":{"start":{"line":4,"column":14},"end":{"line":4,"column":41}},"3":{"start":{"line":6,"column":0},"end":{"line":6,"column":29}},"4":{"start":{"line":15,"column":23},"end":{"line":15,"column":25}},"5":{"start":{"line":16,"column":8},"end":{"line":56,"column":9}},"6":{"start":{"line":17,"column":12},"end":{"line":17,"column":88}},"7":{"start":{"line":19,"column":27},"end":{"line":19,"column":49}},"8":{"start":{"line":21,"column":12},"end":{"line":25,"column":13}},"9":{"start":{"line":22,"column":16},"end":{"line":22,"column":40}},"10":{"start":{"line":23,"column":16},"end":{"line":23,"column":39}},"11":{"start":{"line":24,"column":16},"end":{"line":24,"column":53}},"12":{"start":{"line":26,"column":12},"end":{"line":26,"column":58}},"13":{"start":{"line":28,"column":23},"end":{"line":32,"column":13}},"14":{"start":{"line":34,"column":16},"end":{"line":48,"column":22}},"15":{"start":{"line":36,"column":24},"end":{"line":36,"column":47}},"16":{"start":{"line":37,"column":24},"end":{"line":37,"column":71}},"17":{"start":{"line":38,"column":24},"end":{"line":38,"column":44}},"18":{"start":{"line":39,"column":24},"end":{"line":39,"column":61}},"19":{"start":{"line":42,"column":24},"end":{"line":42,"column":48}},"20":{"start":{"line":43,"column":24},"end":{"line":43,"column":67}},"21":{"start":{"line":44,"column":24},"end":{"line":44,"column":47}},"22":{"start":{"line":46,"column":24},"end":{"line":46,"column":61}},"23":{"start":{"line":52,"column":12},"end":{"line":52,"column":36}},"24":{"start":{"line":53,"column":12},"end":{"line":53,"column":50}},"25":{"start":{"line":54,"column":12},"end":{"line":54,"column":35}},"26":{"start":{"line":55,"column":12},"end":{"line":55,"column":50}},"27":{"start":{"line":66,"column":23},"end":{"line":66,"column":25}},"28":{"start":{"line":67,"column":25},"end":{"line":67,"column":27}},"29":{"start":{"line":68,"column":8},"end":{"line":94,"column":5}},"30":{"start":{"line":69,"column":8},"end":{"line":71,"column":55}},"31":{"start":{"line":73,"column":8},"end":{"line":88,"column":10}},"32":{"start":{"line":74,"column":12},"end":{"line":87,"column":18}},"33":{"start":{"line":76,"column":20},"end":{"line":76,"column":43}},"34":{"start":{"line":77,"column":20},"end":{"line":77,"column":67}},"35":{"start":{"line":78,"column":20},"end":{"line":78,"column":40}},"36":{"start":{"line":79,"column":20},"end":{"line":79,"column":59}},"37":{"start":{"line":82,"column":20},"end":{"line":82,"column":44}},"38":{"start":{"line":83,"column":20},"end":{"line":83,"column":63}},"39":{"start":{"line":84,"column":20},"end":{"line":84,"column":43}},"40":{"start":{"line":85,"column":20},"end":{"line":85,"column":58}},"41":{"start":{"line":91,"column":8},"end":{"line":91,"column":32}},"42":{"start":{"line":92,"column":8},"end":{"line":92,"column":32}},"43":{"start":{"line":93,"column":8},"end":{"line":93,"column":46}},"44":{"start":{"line":102,"column":23},"end":{"line":102,"column":25}},"45":{"start":{"line":103,"column":25},"end":{"line":103,"column":27}},"46":{"start":{"line":104,"column":8},"end":{"line":127,"column":5}},"47":{"start":{"line":105,"column":8},"end":{"line":105,"column":40}},"48":{"start":{"line":107,"column":8},"end":{"line":121,"column":10}},"49":{"start":{"line":108,"column":12},"end":{"line":120,"column":18}},"50":{"start":{"line":110,"column":20},"end":{"line":110,"column":43}},"51":{"start":{"line":111,"column":20},"end":{"line":111,"column":67}},"52":{"start":{"line":112,"column":20},"end":{"line":112,"column":40}},"53":{"start":{"line":113,"column":20},"end":{"line":113,"column":59}},"54":{"start":{"line":116,"column":20},"end":{"line":116,"column":44}},"55":{"start":{"line":117,"column":20},"end":{"line":117,"column":63}},"56":{"start":{"line":118,"column":20},"end":{"line":118,"column":43}},"57":{"start":{"line":119,"column":20},"end":{"line":119,"column":58}},"58":{"start":{"line":124,"column":8},"end":{"line":124,"column":32}},"59":{"start":{"line":125,"column":8},"end":{"line":125,"column":32}},"60":{"start":{"line":126,"column":8},"end":{"line":126,"column":46}},"61":{"start":{"line":136,"column":18},"end":{"line":136,"column":20}},"62":{"start":{"line":137,"column":8},"end":{"line":156,"column":5}},"63":{"start":{"line":139,"column":8},"end":{"line":150,"column":10}},"64":{"start":{"line":140,"column":12},"end":{"line":149,"column":13}},"65":{"start":{"line":141,"column":16},"end":{"line":141,"column":32}},"66":{"start":{"line":142,"column":16},"end":{"line":143,"column":33}},"67":{"start":{"line":144,"column":16},"end":{"line":144,"column":54}},"68":{"start":{"line":146,"column":16},"end":{"line":146,"column":43}},"69":{"start":{"line":147,"column":16},"end":{"line":147,"column":32}},"70":{"start":{"line":148,"column":16},"end":{"line":148,"column":53}},"71":{"start":{"line":153,"column":8},"end":{"line":153,"column":32}},"72":{"start":{"line":154,"column":8},"end":{"line":154,"column":32}},"73":{"start":{"line":155,"column":8},"end":{"line":155,"column":46}},"74":{"start":{"line":164,"column":23},"end":{"line":164,"column":25}},"75":{"start":{"line":165,"column":8},"end":{"line":188,"column":9}},"76":{"start":{"line":166,"column":25},"end":{"line":166,"column":27}},"77":{"start":{"line":167,"column":8},"end":{"line":167,"column":40}},"78":{"start":{"line":170,"column":8},"end":{"line":182,"column":14}},"79":{"start":{"line":172,"column":16},"end":{"line":172,"column":39}},"80":{"start":{"line":173,"column":16},"end":{"line":173,"column":63}},"81":{"start":{"line":174,"column":16},"end":{"line":174,"column":36}},"82":{"start":{"line":175,"column":16},"end":{"line":175,"column":53}},"83":{"start":{"line":178,"column":16},"end":{"line":178,"column":40}},"84":{"start":{"line":179,"column":16},"end":{"line":179,"column":60}},"85":{"start":{"line":180,"column":16},"end":{"line":180,"column":39}},"86":{"start":{"line":181,"column":16},"end":{"line":181,"column":53}},"87":{"start":{"line":185,"column":12},"end":{"line":185,"column":36}},"88":{"start":{"line":186,"column":12},"end":{"line":186,"column":36}},"89":{"start":{"line":187,"column":12},"end":{"line":187,"column":50}},"90":{"start":{"line":197,"column":23},"end":{"line":197,"column":25}},"91":{"start":{"line":198,"column":8},"end":{"line":221,"column":9}},"92":{"start":{"line":199,"column":25},"end":{"line":199,"column":27}},"93":{"start":{"line":200,"column":8},"end":{"line":200,"column":40}},"94":{"start":{"line":203,"column":8},"end":{"line":215,"column":14}},"95":{"start":{"line":205,"column":16},"end":{"line":205,"column":39}},"96":{"start":{"line":206,"column":16},"end":{"line":206,"column":71}},"97":{"start":{"line":207,"column":16},"end":{"line":207,"column":36}},"98":{"start":{"line":208,"column":16},"end":{"line":208,"column":53}},"99":{"start":{"line":211,"column":16},"end":{"line":211,"column":40}},"100":{"start":{"line":212,"column":16},"end":{"line":212,"column":68}},"101":{"start":{"line":213,"column":16},"end":{"line":213,"column":39}},"102":{"start":{"line":214,"column":16},"end":{"line":214,"column":53}},"103":{"start":{"line":218,"column":12},"end":{"line":218,"column":36}},"104":{"start":{"line":219,"column":12},"end":{"line":219,"column":36}},"105":{"start":{"line":220,"column":12},"end":{"line":220,"column":50}},"106":{"start":{"line":230,"column":18},"end":{"line":230,"column":20}},"107":{"start":{"line":231,"column":8},"end":{"line":250,"column":9}},"108":{"start":{"line":232,"column":25},"end":{"line":232,"column":27}},"109":{"start":{"line":233,"column":8},"end":{"line":233,"column":44}},"110":{"start":{"line":234,"column":8},"end":{"line":244,"column":14}},"111":{"start":{"line":236,"column":16},"end":{"line":236,"column":43}},"112":{"start":{"line":237,"column":16},"end":{"line":237,"column":32}},"113":{"start":{"line":238,"column":16},"end":{"line":238,"column":53}},"114":{"start":{"line":241,"column":16},"end":{"line":242,"column":37}},"115":{"start":{"line":243,"column":16},"end":{"line":243,"column":53}},"116":{"start":{"line":247,"column":12},"end":{"line":247,"column":36}},"117":{"start":{"line":248,"column":12},"end":{"line":248,"column":36}},"118":{"start":{"line":249,"column":12},"end":{"line":249,"column":50}},"119":{"start":{"line":259,"column":23},"end":{"line":259,"column":25}},"120":{"start":{"line":260,"column":8},"end":{"line":283,"column":9}},"121":{"start":{"line":261,"column":25},"end":{"line":261,"column":27}},"122":{"start":{"line":265,"column":8},"end":{"line":277,"column":14}},"123":{"start":{"line":267,"column":16},"end":{"line":267,"column":39}},"124":{"start":{"line":268,"column":16},"end":{"line":268,"column":68}},"125":{"start":{"line":269,"column":16},"end":{"line":269,"column":36}},"126":{"start":{"line":270,"column":16},"end":{"line":270,"column":53}},"127":{"start":{"line":273,"column":16},"end":{"line":273,"column":40}},"128":{"start":{"line":274,"column":16},"end":{"line":274,"column":64}},"129":{"start":{"line":275,"column":16},"end":{"line":275,"column":38}},"130":{"start":{"line":276,"column":16},"end":{"line":276,"column":53}},"131":{"start":{"line":280,"column":12},"end":{"line":280,"column":36}},"132":{"start":{"line":281,"column":12},"end":{"line":281,"column":36}},"133":{"start":{"line":282,"column":12},"end":{"line":282,"column":50}},"134":{"start":{"line":292,"column":23},"end":{"line":292,"column":25}},"135":{"start":{"line":293,"column":8},"end":{"line":318,"column":5}},"136":{"start":{"line":294,"column":25},"end":{"line":294,"column":27}},"137":{"start":{"line":295,"column":8},"end":{"line":295,"column":40}},"138":{"start":{"line":297,"column":8},"end":{"line":312,"column":10}},"139":{"start":{"line":298,"column":12},"end":{"line":311,"column":18}},"140":{"start":{"line":300,"column":20},"end":{"line":300,"column":43}},"141":{"start":{"line":301,"column":20},"end":{"line":301,"column":67}},"142":{"start":{"line":302,"column":20},"end":{"line":302,"column":40}},"143":{"start":{"line":303,"column":20},"end":{"line":303,"column":59}},"144":{"start":{"line":306,"column":20},"end":{"line":306,"column":44}},"145":{"start":{"line":307,"column":20},"end":{"line":307,"column":63}},"146":{"start":{"line":308,"column":20},"end":{"line":308,"column":43}},"147":{"start":{"line":309,"column":20},"end":{"line":309,"column":58}},"148":{"start":{"line":315,"column":8},"end":{"line":315,"column":32}},"149":{"start":{"line":316,"column":8},"end":{"line":316,"column":32}},"150":{"start":{"line":317,"column":8},"end":{"line":317,"column":46}},"151":{"start":{"line":327,"column":18},"end":{"line":327,"column":20}},"152":{"start":{"line":328,"column":8},"end":{"line":347,"column":9}},"153":{"start":{"line":329,"column":25},"end":{"line":329,"column":27}},"154":{"start":{"line":330,"column":8},"end":{"line":330,"column":44}},"155":{"start":{"line":331,"column":8},"end":{"line":341,"column":14}},"156":{"start":{"line":333,"column":16},"end":{"line":333,"column":43}},"157":{"start":{"line":334,"column":16},"end":{"line":334,"column":32}},"158":{"start":{"line":335,"column":16},"end":{"line":335,"column":53}},"159":{"start":{"line":338,"column":16},"end":{"line":339,"column":37}},"160":{"start":{"line":340,"column":16},"end":{"line":340,"column":53}},"161":{"start":{"line":344,"column":12},"end":{"line":344,"column":36}},"162":{"start":{"line":345,"column":12},"end":{"line":345,"column":36}},"163":{"start":{"line":346,"column":11},"end":{"line":346,"column":53}},"164":{"start":{"line":356,"column":23},"end":{"line":356,"column":25}},"165":{"start":{"line":357,"column":8},"end":{"line":381,"column":9}},"166":{"start":{"line":358,"column":25},"end":{"line":358,"column":27}},"167":{"start":{"line":359,"column":8},"end":{"line":359,"column":40}},"168":{"start":{"line":360,"column":8},"end":{"line":360,"column":45}},"169":{"start":{"line":363,"column":8},"end":{"line":375,"column":14}},"170":{"start":{"line":365,"column":16},"end":{"line":365,"column":39}},"171":{"start":{"line":366,"column":16},"end":{"line":366,"column":68}},"172":{"start":{"line":367,"column":16},"end":{"line":367,"column":36}},"173":{"start":{"line":368,"column":16},"end":{"line":368,"column":53}},"174":{"start":{"line":371,"column":16},"end":{"line":371,"column":40}},"175":{"start":{"line":372,"column":16},"end":{"line":372,"column":61}},"176":{"start":{"line":373,"column":16},"end":{"line":373,"column":39}},"177":{"start":{"line":374,"column":16},"end":{"line":374,"column":53}},"178":{"start":{"line":378,"column":12},"end":{"line":378,"column":36}},"179":{"start":{"line":379,"column":12},"end":{"line":379,"column":36}},"180":{"start":{"line":380,"column":12},"end":{"line":380,"column":49}},"181":{"start":{"line":391,"column":18},"end":{"line":391,"column":20}},"182":{"start":{"line":392,"column":8},"end":{"line":411,"column":9}},"183":{"start":{"line":393,"column":25},"end":{"line":393,"column":27}},"184":{"start":{"line":394,"column":8},"end":{"line":394,"column":44}},"185":{"start":{"line":395,"column":8},"end":{"line":405,"column":14}},"186":{"start":{"line":397,"column":16},"end":{"line":397,"column":43}},"187":{"start":{"line":398,"column":16},"end":{"line":398,"column":32}},"188":{"start":{"line":399,"column":16},"end":{"line":399,"column":53}},"189":{"start":{"line":402,"column":16},"end":{"line":403,"column":37}},"190":{"start":{"line":404,"column":16},"end":{"line":404,"column":53}},"191":{"start":{"line":408,"column":12},"end":{"line":408,"column":36}},"192":{"start":{"line":409,"column":12},"end":{"line":409,"column":36}},"193":{"start":{"line":410,"column":12},"end":{"line":410,"column":50}},"194":{"start":{"line":414,"column":18},"end":{"line":414,"column":20}},"195":{"start":{"line":415,"column":8},"end":{"line":440,"column":9}},"196":{"start":{"line":416,"column":21},"end":{"line":416,"column":23}},"197":{"start":{"line":417,"column":8},"end":{"line":419,"column":40}},"198":{"start":{"line":420,"column":8},"end":{"line":434,"column":14}},"199":{"start":{"line":426,"column":16},"end":{"line":426,"column":43}},"200":{"start":{"line":427,"column":16},"end":{"line":427,"column":32}},"201":{"start":{"line":428,"column":16},"end":{"line":428,"column":53}},"202":{"start":{"line":431,"column":16},"end":{"line":432,"column":37}},"203":{"start":{"line":433,"column":16},"end":{"line":433,"column":53}},"204":{"start":{"line":437,"column":12},"end":{"line":437,"column":36}},"205":{"start":{"line":438,"column":12},"end":{"line":438,"column":36}},"206":{"start":{"line":439,"column":12},"end":{"line":439,"column":54}},"207":{"start":{"line":446,"column":0},"end":{"line":446,"column":38}}},"fnMap":{"0":{"name":"(anonymous_0)","decl":{"start":{"line":14,"column":4},"end":{"line":14,"column":5}},"loc":{"start":{"line":14,"column":19},"end":{"line":57,"column":5}},"line":14},"1":{"name":"(anonymous_1)","decl":{"start":{"line":35,"column":26},"end":{"line":35,"column":27}},"loc":{"start":{"line":35,"column":34},"end":{"line":40,"column":21}},"line":35},"2":{"name":"(anonymous_2)","decl":{"start":{"line":41,"column":27},"end":{"line":41,"column":28}},"loc":{"start":{"line":41,"column":37},"end":{"line":48,"column":21}},"line":41},"3":{"name":"(anonymous_3)","decl":{"start":{"line":63,"column":4},"end":{"line":63,"column":5}},"loc":{"start":{"line":63,"column":25},"end":{"line":95,"column":5}},"line":63},"4":{"name":"(anonymous_4)","decl":{"start":{"line":73,"column":27},"end":{"line":73,"column":28}},"loc":{"start":{"line":73,"column":48},"end":{"line":88,"column":9}},"line":73},"5":{"name":"(anonymous_5)","decl":{"start":{"line":75,"column":22},"end":{"line":75,"column":23}},"loc":{"start":{"line":75,"column":30},"end":{"line":80,"column":17}},"line":75},"6":{"name":"(anonymous_6)","decl":{"start":{"line":81,"column":23},"end":{"line":81,"column":24}},"loc":{"start":{"line":81,"column":33},"end":{"line":87,"column":17}},"line":81},"7":{"name":"(anonymous_7)","decl":{"start":{"line":101,"column":4},"end":{"line":101,"column":5}},"loc":{"start":{"line":101,"column":25},"end":{"line":128,"column":5}},"line":101},"8":{"name":"(anonymous_8)","decl":{"start":{"line":107,"column":27},"end":{"line":107,"column":28}},"loc":{"start":{"line":107,"column":48},"end":{"line":121,"column":9}},"line":107},"9":{"name":"(anonymous_9)","decl":{"start":{"line":109,"column":22},"end":{"line":109,"column":23}},"loc":{"start":{"line":109,"column":30},"end":{"line":114,"column":17}},"line":109},"10":{"name":"(anonymous_10)","decl":{"start":{"line":115,"column":23},"end":{"line":115,"column":24}},"loc":{"start":{"line":115,"column":33},"end":{"line":120,"column":17}},"line":115},"11":{"name":"(anonymous_11)","decl":{"start":{"line":135,"column":4},"end":{"line":135,"column":5}},"loc":{"start":{"line":135,"column":32},"end":{"line":157,"column":5}},"line":135},"12":{"name":"(anonymous_12)","decl":{"start":{"line":139,"column":44},"end":{"line":139,"column":45}},"loc":{"start":{"line":139,"column":59},"end":{"line":150,"column":9}},"line":139},"13":{"name":"(anonymous_13)","decl":{"start":{"line":163,"column":4},"end":{"line":163,"column":5}},"loc":{"start":{"line":163,"column":24},"end":{"line":189,"column":5}},"line":163},"14":{"name":"(anonymous_14)","decl":{"start":{"line":171,"column":18},"end":{"line":171,"column":19}},"loc":{"start":{"line":171,"column":26},"end":{"line":176,"column":13}},"line":171},"15":{"name":"(anonymous_15)","decl":{"start":{"line":177,"column":19},"end":{"line":177,"column":20}},"loc":{"start":{"line":177,"column":29},"end":{"line":182,"column":13}},"line":177},"16":{"name":"(anonymous_16)","decl":{"start":{"line":196,"column":4},"end":{"line":196,"column":5}},"loc":{"start":{"line":196,"column":26},"end":{"line":222,"column":5}},"line":196},"17":{"name":"(anonymous_17)","decl":{"start":{"line":204,"column":18},"end":{"line":204,"column":19}},"loc":{"start":{"line":204,"column":26},"end":{"line":209,"column":13}},"line":204},"18":{"name":"(anonymous_18)","decl":{"start":{"line":210,"column":19},"end":{"line":210,"column":20}},"loc":{"start":{"line":210,"column":29},"end":{"line":215,"column":13}},"line":210},"19":{"name":"(anonymous_19)","decl":{"start":{"line":229,"column":4},"end":{"line":229,"column":5}},"loc":{"start":{"line":229,"column":34},"end":{"line":251,"column":5}},"line":229},"20":{"name":"(anonymous_20)","decl":{"start":{"line":235,"column":18},"end":{"line":235,"column":19}},"loc":{"start":{"line":235,"column":26},"end":{"line":239,"column":13}},"line":235},"21":{"name":"(anonymous_21)","decl":{"start":{"line":240,"column":19},"end":{"line":240,"column":20}},"loc":{"start":{"line":240,"column":28},"end":{"line":244,"column":13}},"line":240},"22":{"name":"(anonymous_22)","decl":{"start":{"line":258,"column":4},"end":{"line":258,"column":5}},"loc":{"start":{"line":258,"column":27},"end":{"line":284,"column":5}},"line":258},"23":{"name":"(anonymous_23)","decl":{"start":{"line":266,"column":18},"end":{"line":266,"column":19}},"loc":{"start":{"line":266,"column":26},"end":{"line":271,"column":13}},"line":266},"24":{"name":"(anonymous_24)","decl":{"start":{"line":272,"column":19},"end":{"line":272,"column":20}},"loc":{"start":{"line":272,"column":28},"end":{"line":277,"column":13}},"line":272},"25":{"name":"(anonymous_25)","decl":{"start":{"line":291,"column":4},"end":{"line":291,"column":5}},"loc":{"start":{"line":291,"column":26},"end":{"line":319,"column":5}},"line":291},"26":{"name":"(anonymous_26)","decl":{"start":{"line":297,"column":27},"end":{"line":297,"colu
[...]
umn":9}},"line":57},"7":{"name":"(anonymous_7)","decl":{"start":{"line":60,"column":18},"end":{"line":60,"column":19}},"loc":{"start":{"line":60,"column":26},"end":{"line":63,"column":13}},"line":60},"8":{"name":"(anonymous_8)","decl":{"start":{"line":64,"column":23},"end":{"line":64,"column":24}},"loc":{"start":{"line":64,"column":32},"end":{"line":66,"column":17}},"line":64},"9":{"name":"(anonymous_9)","decl":{"start":{"line":70,"column":4},"end":{"line":70,"column":5}},"loc":{"start":{"line":70,"column":22},"end":{"line":82,"column":5}},"line":70},"10":{"name":"(anonymous_10)","decl":{"start":{"line":71,"column":27},"end":{"line":71,"column":28}},"loc":{"start":{"line":71,"column":48},"end":{"line":81,"column":9}},"line":71},"11":{"name":"(anonymous_11)","decl":{"start":{"line":74,"column":18},"end":{"line":74,"column":19}},"loc":{"start":{"line":74,"column":26},"end":{"line":77,"column":13}},"line":74},"12":{"name":"(anonymous_12)","decl":{"start":{"line":78,"column":23},"end":{"line":78,"column":24}},"loc":{"start":{"line":78,"column":32},"end":{"line":80,"column":17}},"line":78},"13":{"name":"(anonymous_13)","decl":{"start":{"line":85,"column":2},"end":{"line":85,"column":3}},"loc":{"start":{"line":85,"column":14},"end":{"line":95,"column":1}},"line":85},"14":{"name":"(anonymous_14)","decl":{"start":{"line":86,"column":23},"end":{"line":86,"column":24}},"loc":{"start":{"line":86,"column":44},"end":{"line":94,"column":5}},"line":86},"15":{"name":"(anonymous_15)","decl":{"start":{"line":88,"column":14},"end":{"line":88,"column":15}},"loc":{"start":{"line":88,"column":22},"end":{"line":90,"column":9}},"line":88},"16":{"name":"(anonymous_16)","decl":{"start":{"line":91,"column":19},"end":{"line":91,"column":20}},"loc":{"start":{"line":91,"column":26},"end":{"line":93,"column":13}},"line":91}},"branchMap":{},"s":{"0":1,"1":1,"2":1,"3":1,"4":0,"5":0,"6":0,"7":0,"8":0,"9":0,"10":0,"11":0,"12":0,"13":0,"14":0,"15":0,"16":0,"17":0,"18":0,"19":0,"20":0,"21":0,"22":0,"23":0,"24":0,"25":0,"26":0,"27":0,"28":0,"29":1},"f":{"0":0,"1":0,"2":0,"3":0,"4":0,"5":0,"6":0,"7":0,"8":0,"9":0,"10":0,"11":0,"12":0,"13":0,"14":0,"15":0,"16":0},"b":{},"_coverageSchema":"1a1c01bbd47fc00a2c39e90264f33305004495a9","hash":"b38e216fa6c7514f0bdcfdaa76129fc46e9aa835","contentHash":"f849a6f83d03883e7f60200e3d73117cd7f173c36a64b3c8019743e4d51a65e5"},"/home/user/Desktop/FundooApp/controller/collaborator.js":{"path":"/home/user/Desktop/FundooApp/controller/collaborator.js","statementMap":{"0":{"start":{"line":2,"column":26},"end":{"line":2,"column":63}},"1":{"start":{"line":3,"column":13},"end":{"line":3,"column":48}},"2":{"start":{"line":5,"column":0},"end":{"line":5,"column":29}},"3":{"start":{"line":9,"column":8},"end":{"line":9,"column":62}},"4":{"start":{"line":10,"column":23},"end":{"line":10,"column":25}},"5":{"start":{"line":11,"column":8},"end":{"line":40,"column":9}},"6":{"start":{"line":12,"column":12},"end":{"line":12,"column":50}},"7":{"start":{"line":13,"column":23},"end":{"line":17,"column":13}},"8":{"start":{"line":18,"column":12},"end":{"line":18,"column":41}},"9":{"start":{"line":19,"column":12},"end":{"line":33,"column":22}},"10":{"start":{"line":21,"column":24},"end":{"line":21,"column":47}},"11":{"start":{"line":22,"column":24},"end":{"line":22,"column":76}},"12":{"start":{"line":23,"column":24},"end":{"line":23,"column":44}},"13":{"start":{"line":24,"column":24},"end":{"line":24,"column":61}},"14":{"start":{"line":27,"column":24},"end":{"line":27,"column":48}},"15":{"start":{"line":28,"column":24},"end":{"line":28,"column":80}},"16":{"start":{"line":29,"column":24},"end":{"line":29,"column":47}},"17":{"start":{"line":31,"column":22},"end":{"line":31,"column":59}},"18":{"start":{"line":36,"column":12},"end":{"line":36,"column":36}},"19":{"start":{"line":37,"column":12},"end":{"line":37,"column":50}},"20":{"start":{"line":38,"column":12},"end":{"line":38,"column":35}},"21":{"start":{"line":39,"column":12},"end":{"line":39,"column":49}},"22":{"start":{"line":48,"column":27},"end":{"line":48,"column":29}},"23":{"start":{"line":49,"column":12},"end":{"line":74,"column":9}},"24":{"start":{"line":50,"column":29},"end":{"line":50,"column":31}},"25":{"start":{"line":51,"column":16},"end":{"line":52,"column":46}},"26":{"start":{"line":54,"column":12},"end":{"line":68,"column":14}},"27":{"start":{"line":55,"column":16},"end":{"line":67,"column":22}},"28":{"start":{"line":57,"column":24},"end":{"line":57,"column":47}},"29":{"start":{"line":58,"column":24},"end":{"line":58,"column":79}},"30":{"start":{"line":59,"column":24},"end":{"line":59,"column":44}},"31":{"start":{"line":60,"column":24},"end":{"line":60,"column":63}},"32":{"start":{"line":63,"column":24},"end":{"line":63,"column":48}},"33":{"start":{"line":64,"column":24},"end":{"line":64,"column":75}},"34":{"start":{"line":65,"column":24},"end":{"line":65,"column":47}},"35":{"start":{"line":66,"column":24},"end":{"line":66,"column":62}},"36":{"start":{"line":71,"column":12},"end":{"line":71,"column":36}},"37":{"start":{"line":72,"column":12},"end":{"line":72,"column":36}},"38":{"start":{"line":73,"column":12},"end":{"line":73,"column":50}},"39":{"start":{"line":79,"column":0},"end":{"line":79,"column":37}}},"fnMap":{"0":{"name":"(anonymous_0)","decl":{"start":{"line":8,"column":4},"end":{"line":8,"column":5}},"loc":{"start":{"line":8,"column":33},"end":{"line":41,"column":5}},"line":8},"1":{"name":"(anonymous_1)","decl":{"start":{"line":20,"column":26},"end":{"line":20,"column":27}},"loc":{"start":{"line":20,"column":34},"end":{"line":25,"column":21}},"line":20},"2":{"name":"(anonymous_2)","decl":{"start":{"line":26,"column":27},"end":{"line":26,"column":28}},"loc":{"start":{"line":26,"column":37},"end":{"line":33,"column":21}},"line":26},"3":{"name":"(anonymous_3)","decl":{"start":{"line":47,"column":8},"end":{"line":47,"column":9}},"loc":{"start":{"line":47,"column":37},"end":{"line":75,"column":9}},"line":47},"4":{"name":"(anonymous_4)","decl":{"start":{"line":54,"column":31},"end":{"line":54,"column":32}},"loc":{"start":{"line":54,"column":52},"end":{"line":68,"column":13}},"line":54},"5":{"name":"(anonymous_5)","decl":{"start":{"line":56,"column":26},"end":{"line":56,"column":27}},"loc":{"start":{"line":56,"column":34},"end":{"line":61,"column":21}},"line":56},"6":{"name":"(anonymous_6)","decl":{"start":{"line":62,"column":27},"end":{"line":62,"column":28}},"loc":{"start":{"line":62,"column":37},"end":{"line":67,"column":21}},"line":62}},"branchMap":{},"s":{"0":1,"1":1,"2":1,"3":0,"4":0,"5":0,"6":0,"7":0,"8":0,"9":0,"10":0,"11":0,"12":0,"13":0,"14":0,"15":0,"16":0,"17":0,"18":0,"19":0,"20":0,"21":0,"22":0,"23":0,"24":0,"25":0,"26":0,"27":0,"28":0,"29":0,"30":0,"31":0,"32":0,"33":0,"34":0,"35":0,"36":0,"37":0,"38":0,"39":1},"f":{"0":0,"1":0,"2":0,"3":0,"4":0,"5":0,"6":0},"b":{},"_coverageSchema":"1a1c01bbd47fc00a2c39e90264f33305004495a9","hash":"6572202a8e0d098425b70ee145c817e6efc28e2f","contentHash":"edf62539693e8252594ed5ccb5c307df33035c21c4f8453a1f4247d01c9f32e9"},"/home/user/Desktop/FundooApp/services/collaborator.js":{"path":"/home/user/Desktop/FundooApp/services/collaborator.js","statementMap":{"0":{"start":{"line":1,"column":12},"end":{"line":1,"column":49}},"1":{"start":{"line":9,"column":8},"end":{"line":9,"column":32}},"2":{"start":{"line":10,"column":8},"end":{"line":18,"column":10}},"3":{"start":{"line":11,"column":12},"end":{"line":17,"column":18}},"4":{"start":{"line":13,"column":16},"end":{"line":13,"column":29}},"5":{"start":{"line":16,"column":20},"end":{"line":16,"column":31}},"6":{"start":{"line":22,"column":8},"end":{"line":37,"column":9}},"7":{"start":{"line":24,"column":12},"end":{"line":33,"column":14}},"8":{"start":{"line":26,"column":16},"end":{"line":32,"column":22}},"9":{"start":{"line":28,"column":24},"end":{"line":28,"column":37}},"10":{"start":{"line":31,"column":24},"end":{"line":31,"column":35}},"11":{"start":{"line":36,"column":12},"end":{"line":36,"column":29}},"12":{"start":{"line":42,"column":0},"end":{"line":42,"column":30}}},"fnMap":{"0":{"name":"(anonymous_0)","decl":{"start":{"line":8,"column":4},"end":{"line":8,"column":5}},"loc":{"start":{"line":8,"column":29},"end":{"line":19,"column":5}},"line":8},"1":{"name":"(anonymous_1)","decl":{"start":{"line":10,"column":27},"end":{"line":10,"column":28}},"loc":{"start":{"line":10,"column":48},"end":{"line":18,"column":9}},"line":10},"2":{"name":"(anonymous_2)","decl":{"start":{"line":12,"column":18},"end":{"line":12,"column":19}},"loc":{"start":{"line":12,"column":26},"end":{"line":14,"column":13}},"line":12},"3":{"name":"(anonymous_3)","decl":{"start":{"line":15,"column":23},"end":{"line":15,"column":24}},"loc":{"start":{"line":15,"column":30},"end":{"line":17,"column":17}},"line":15},"4":{"name":"(anonymous_4)","decl":{"start":{"line":21,"column":4},"end":{"line":21,"column":5}},"loc":{"start":{"line":21,"column":25},"end":{"line":38,"column":5}},"line":21},"5":{"name":"(anonymous_5)","decl":{"start":{"line":24,"column":31},"end":{"line":24,"column":32}},"loc":{"start":{"line":24,"column":52},"end":{"line":33,"column":13}},"line":24},"6":{"name":"(anonymous_6)","decl":{"start":{"line":27,"column":26},"end":{"line":27,"column":27}},"loc":{"start":{"line":27,"column":36},"end":{"line":29,"column":21}},"line":27},"7":{"name":"(anonymous_7)","decl":{"start":{"line":30,"column":27},"end":{"line":30,"column":28}},"loc":{"start":{"line":30,"column":34},"end":{"line":32,"column":21}},"line":30}},"branchMap":{},"s":{"0":1,"1":0,"2":0,"3":0,"4":0,"5":0,"6":0,"7":0,"8":0,"9":0,"10":0,"11":0,"12":1},"f":{"0":0,"1":0,"2":0,"3":0,"4":0,"5":0,"6":0,"7":0},"b":{},"_coverageSchema":"1a1c01bbd47fc00a2c39e90264f33305004495a9","hash":"6e1a478e5b8003ae362070c40a2030fb86819bc2","contentHash":"ca6ab631654b7586bda7222ccdf711caf04e6abe6fe78e6f9bcb595cc3b30e00"},"/home/user/Desktop/FundooApp/app/models/collaborator.js":{"path":"/home/user/Desktop/FundooApp/app/models/collaborator.js","statementMap":{"0":{"start":{"line":1,"column":15},"end":{"line":1,"column":34}},"1":{"start":{"line":2,"column":13},"end":{"line":2,"column":28}},"2":{"start":{"line":3,"column":26},"end":{"line":23,"column":2}},"3":{"start":{"line":25,"column":16},"end":{"line":25,"column":65}},"4":{"start":{"line":35,"column":8},"end":{"line":53,"column":18}},"5":{"start":{"line":36,"column":31},"end":{"line":40,"column":14}},"6":{"start":{"line":41,"column":12},"end":{"line":41,"column":47}},"7":{"start":{"line":43,"column":12},"end":{"line":49,"column":22}},"8":{"start":{"line":45,"column":20},"end":{"line":45,"column":33}},"9":{"start":{"line":48,"column":24},"end":{"line":48,"column":35}},"10":{"start":{"line":52,"column":20},"end":{"line":52,"column":33}},"11":{"start":{"line":57,"column":8},"end":{"line":67,"column":10}},"12":{"start":{"line":58,"column":12},"end":{"line":58,"column":44}},"13":{"start":{"line":59,"column":12},"end":{"line":66,"column":18}},"14":{"start":{"line":61,"column":16},"end":{"line":61,"column":41}},"15":{"start":{"line":62,"column":16},"end":{"line":62,"column":29}},"16":{"start":{"line":65,"column":20},"end":{"line":65,"column":33}},"17":{"start":{"line":71,"column":1},"end":{"line":71,"column":36}}},"fnMap":{"0":{"name":"(anonymous_0)","decl":{"start":{"line":33,"column":4},"end":{"line":33,"column":5}},"loc":{"start":{"line":33,"column":15},"end":{"line":54,"column":5}},"line":33},"1":{"name":"(anonymous_1)","decl":{"start":{"line":35,"column":27},"end":{"line":35,"column":28}},"loc":{"start":{"line":35,"column":48},"end":{"line":50,"column":13}},"line":35},"2":{"name":"(anonymous_2)","decl":{"start":{"line":44,"column":22},"end":{"line":44,"column":23}},"loc":{"start":{"line":44,"column":30},"end":{"line":46,"column":17}},"line":44},"3":{"name":"(anonymous_3)","decl":{"start":{"line":47,"column":27},"end":{"line":47,"column":28}},"loc":{"start":{"line":47,"column":34},"end":{"line":49,"column":21}},"line":47},"4":{"name":"(anonymous_4)","decl":{"start":{"line":51,"column":23},"end":{"line":51,"column":24}},"loc":{"start":{"line":51,"column":34},"end":{"line":53,"column":17}},"line":51},"5":{"name":"(anonymous_5)","decl":{"start":{"line":56,"column":4},"end":{"line":56,"column":5}},"loc":{"start":{"line":56,"column":22},"end":{"line":68,"column":5}},"line":56},"6":{"name":"(anonymous_6)","decl":{"start":{"line":57,"column":27},"end":{"line":57,"column":28}},"loc":{"start":{"line":57,"column":48},"end":{"line":67,"column":9}},"line":57},"7":{"name":"(anonymous_7)","decl":{"start":{"line":60,"column":18},"end":{"line":60,"column":19}},"loc":{"start":{"line":60,"column":26},"end":{"line":63,"column":13}},"line":60},"8":{"name":"(anonymous_8)","decl":{"start":{"line":64,"column":23},"end":{"line":64,"column":24}},"loc":{"start":{"line":64,"column":32},"end":{"line":66,"column":17}},"line":64}},"branchMap":{},"s":{"0":1,"1":1,"2":1,"3":1,"4":0,"5":0,"6":0,"7":0,"8":0,"9":0,"10":0,"11":0,"12":0,"13":0,"14":0,"15":0,"16":0,"17":1},"f":{"0":0,"1":0,"2":0,"3":0,"4":0,"5":0,"6":0,"7":0,"8":0},"b":{},"_coverageSchema":"1a1c01bbd47fc00a2c39e90264f33305004495a9","hash":"c43f6574c0b7eebe22c72ffcf9d58e262e538ec1","contentHash":"4e0a0a319995a623d064f4287d4dd0f66eb19adb966f2387f382dab431d64197"},"/home/user/Desktop/FundooApp/services/file-upload.js":{"path":"/home/user/Desktop/FundooApp/services/file-upload.js","statementMap":{"0":{"start":{"line":1,"column":0},"end":{"line":1,"column":27}},"1":{"start":{"line":2,"column":12},"end":{"line":2,"column":30}},"2":{"start":{"line":3,"column":15},"end":{"line":3,"column":32}},"3":{"start":{"line":4,"column":17},"end":{"line":4,"column":37}},"4":{"start":{"line":6,"column":17},"end":{"line":10,"column":4}},"5":{"start":{"line":12,"column":19},"end":{"line":18,"column":1}},"6":{"start":{"line":13,"column":4},"end":{"line":17,"column":5}},"7":{"start":{"line":14,"column":8},"end":{"line":14,"column":22}},"8":{"start":{"line":16,"column":8},"end":{"line":16,"column":23}},"9":{"start":{"line":30,"column":23},"end":{"line":41,"column":2}},"10":{"start":{"line":35,"column":8},"end":{"line":35,"column":48}},"11":{"start":{"line":38,"column":8},"end":{"line":38,"column":25}},"12":{"start":{"line":39,"column":8},"end":{"line":39,"column":68}},"13":{"start":{"line":43,"column":15},"end":{"line":49,"column":2}},"14":{"start":{"line":51,"column":0},"end":{"line":51,"column":24}}},"fnMap":{"0":{"name":"(anonymous_0)","decl":{"start":{"line":12,"column":19},"end":{"line":12,"column":20}},"loc":{"start":{"line":12,"column":38},"end":{"line":18,"column":1}},"line":12},"1":{"name":"(anonymous_1)","decl":{"start":{"line":34,"column":14},"end":{"line":34,"column":15}},"loc":{"start":{"line":34,"column":39},"end":{"line":36,"column":5}},"line":34},"2":{"name":"(anonymous_2)","decl":{"start":{"line":37,"column":9},"end":{"line":37,"column":10}},"loc":{"start":{"line":37,"column":34},"end":{"line":40,"column":5}},"line":37}},"branchMap":{"0":{"loc":{"start":{"line":13,"column":4},"end":{"line":17,"column":5}},"type":"if","locations":[{"start":{"line":13,"column":4},"end":{"line":17,"column":5}},{"start":{"line":13,"column":4},"end":{"line":17,"column":5}}],"line":13},"1":{"loc":{"start":{"line":13,"column":8},"end":{"line":13,"column":71}},"type":"binary-expr","locations":[{"start":{"line":13,"column":8},"end":{"line":13,"column":38}},{"start":{"line":13,"column":42},"end":{"line":13,"column":71}}],"line":13}},"s":{"0":1,"1":1,"2":1,"3":1,"4":1,"5":1,"6":0,"7":0,"8":0,"9":1,"10":0,"11":0,"12":0,"13":1,"14":1},"f":{"0":0,"1":0,"2":0},"b":{"0":[0,0],"1":[0,0]},"_coverageSchema":"1a1c01bbd47fc00a2c39e90264f33305004495a9","hash":"8294a3ffc78482cbd1ca2ec51b91eb0c38aadac5","contentHash":"baaaa3006e0a7a7829bfac192eb2363882a6dc2b90057d27e43e6583e5f054f4"},"/home/user/Desktop/FundooApp/config/databaseService.js":{"path":"/home/user/Desktop/FundooApp/config/databaseService.js","statementMap":{"0":{"start":{"line":4,"column":14},"end":{"line":4,"column":37}},"1":{"start":{"line":5,"column":15},"end":{"line":5,"column":34}},"2":{"start":{"line":6,"column":0},"end":{"line":6,"column":24}},"3":{"start":{"line":8,"column":0},"end":{"line":8,"column":34}},"4":{"start":{"line":12,"column":8},"end":{"line":12,"column":33}},"5":{"start":{"line":13,"column":8},"end":{"line":13,"column":42}},"6":{"start":{"line":14,"column":8},"end":{"line":14,"column":44}},"7":{"start":{"line":15,"column":8},"end":{"line":15,"column":50}},"8":{"start":{"line":16,"column":8},"end":{"line":16,"column":49}},"9":{"start":{"line":17,"column":8},"end":{"line":17,"column":39}},"10":{"start":{"line":20,"column":8},"end":{"line":23,"column":10}},"11":{"start":{"line":24,"column":8},"end":{"line":24,"column":46}},"12":{"start":{"line":25,"column":8},"end":{"line":25,"column":48}},"13":{"start":{"line":26,"column":8},"end":{"line":26,"column":45}},"14":{"start":{"line":27,"column":8},"end":{"line":27,"column":49}},"15":{"start":{"line":28,"column":8},"end":{"line":28,"column":23}},"16":{"start":{"line":29,"column":8},"end":{"line":29,"column":29}},"17":{"start":{"line":32,"column":8},"end":{"line":35,"column":11}},"18":{"start":{"line":33,"column":12},"end":{"line":33,"column":71}},"19":{"start":{"line":36,"column":8},"end":{"line":39,"column":11}},"20":{"start":{"line":37,"column":12},"end":{"line":37,"column":63}},"21":{"start":{"line":40,"column":8},"end":{"line":43,"column":11}},"22":{"start":{"line":41,"column":12},"end":{"line":41,"column":62}},"23":{"start":{"line":44,"column":8},"end":{"line":47,"column":11}},"24":{"start":{"line":45,"column":12},"end":{"line":45,"column":55}},"25":{"start":{"line":50,"column":0},"end":{"line":50,"column":30}}},"fnMap":{"0":{"name":"(anonymous_0)","decl":{"start":{"line":11,"column":4},"end":{"line":11,"column":5}},"loc":{"start":{"line":11,"column":17},"end":{"line":18,"column":5}},"line":11},"1":{"name":"(anonymous_1)","decl":{"start":{"line":19,"column":4},"end":{"line":19,"column":5}},"loc":{"start":{"line":19,"column":13},"end":{"line":30,"column":5}},"line":19},"2":{"name":"(anonymous_2)","decl":{"start":{"line":31,"column":4},"end":{"line":31,"column":5}},"loc":{"start":{"line":31,"column":13},"end":{"line":48,"column":5}},"line":31},"3":{"name":"(anonymous_3)","decl":{"start":{"line":32,"column":49},"end":{"line":32,"column":50}},"loc":{"start":{"line":32,"column":59},"end":{"line":35,"column":9}},"line":32},"4":{"name":"(anonymous_4)","decl":{"start":{"line":36,"column":48},"end":{"line":36,"column":49}},"loc":{"start":{"line":36,"column":58},"end":{"line":39,"column":9}},"line":36},"5":{"name":"(anonymous_5)","decl":{"start":{"line":40,"column":44},"end":{"line":40,"column":45}},"loc":{"start":{"line":40,"column":54},"end":{"line":43,"column":9}},"line":40},"6":{"name":"(anonymous_6)","decl":{"start":{"line":44,"column":51},"end":{"line":44,"column":52}},"loc":{"start":{"line":44,"column":61},"end":{"line":47,"column":9}},"line":44}},"branchMap":{},"s":{"0":1,"1":1,"2":1,"3":1,"4":1,"5":1,"6":1,"7":1,"8":1,"9":1,"10":0,"11":0,"12":0,"13":0,"14":0,"15":0,"16":0,"17":0,"18":0,"19":0,"20":0,"21":0,"22":0,"23":0,"24":0,"25":1},"f":{"0":1,"1":0,"2":0,"3":0,"4":0,"5":0,"6":0},"b":{},"_coverageSchema":"1a1c01bbd47fc00a2c39e90264f33305004495a9","hash":"983f43fec1424a5e199a9b90ad2cb3ee358090fd","contentHash":"eb52482501cd3cbc7d3663a9ddea778596f29f44237042f1767a6f8d824b72ac"},"/home/user/Desktop/FundooApp/config/winston.js":{"path":"/home/user/Desktop/FundooApp/config/winston.js","statementMap":{"0":{"start":{"line":1,"column":14},"end":{"line":1,"column":32}},"1":{"start":{"line":3,"column":14},"end":{"line":21,"column":1}},"2":{"start":{"line":25,"column":13},"end":{"line":33,"column":2}},"3":{"start":{"line":35,"column":0},"end":{"line":35,"column":22}}},"fnMap":{},"branchMap":{},"s":{"0":1,"1":1,"2":1,"3":1},"f":{},"b":{},"_coverageSchema":"1a1c01bbd47fc00a2c39e90264f33305004495a9","hash":"b6a993e1ba48909737c5a73737181e88bb9d619c","contentHash":"f522980534279fee687e22ca3fc75d5fa122bda1c4abb7ee7f25247db866e54e"}}